<?xml version="1.0" encoding="UTF-8"?><TestSessionContainer xmlns="http://www.codecover.org/xml/testsession-container" Date="1673212544218" TestSessionContainerId="7dd1c4c6-b5eb-4b3e-9827-978dc0e326d5" version="1.0">
    <SrcFileList>
        <SrcFile Content="package FareCalculator;&#13;&#10;&#13;&#10;import java.awt.Color;&#13;&#10;import java.awt.FlowLayout;&#13;&#10;import java.awt.GridLayout;&#13;&#10;import java.awt.event.ActionEvent;&#13;&#10;import java.awt.event.ActionListener;&#13;&#10;import java.io.FileWriter;&#13;&#10;import javax.swing.BorderFactory;&#13;&#10;import javax.swing.ButtonGroup;&#13;&#10;import javax.swing.JButton;&#13;&#10;import javax.swing.JCheckBox;&#13;&#10;import javax.swing.JComboBox;&#13;&#10;import javax.swing.JFrame;&#13;&#10;import javax.swing.JLabel;&#13;&#10;import javax.swing.JMenu;&#13;&#10;import javax.swing.JMenuBar;&#13;&#10;import javax.swing.JMenuItem;&#13;&#10;import javax.swing.JPanel;&#13;&#10;import javax.swing.JTextField;&#13;&#10;&#13;&#10;public class FareCalculator {&#13;&#10;    &#13;&#10;    private JFrame frame;&#13;&#10;    private JPanel panel;&#13;&#10;    &#13;&#10;    private JMenuBar menuBar;&#13;&#10;    private JMenu menu;&#13;&#10;    private JMenuItem red;&#13;&#10;    private JMenuItem green;&#13;&#10;    private JMenuItem yellow;&#13;&#10;    &#13;&#10;    private JLabel departPunjabLabel;&#13;&#10;    private JComboBox departPunjabCombo;&#13;&#10;    &#13;&#10;    private JLabel departSindhLabel;&#13;&#10;    private JComboBox departSindhCombo;&#13;&#10;    &#13;&#10;    private JLabel provinceLabel;&#13;&#10;    private JComboBox provinceCombo;&#13;&#10;    &#13;&#10;    private JLabel Class;&#13;&#10;    private JCheckBox economy;&#13;&#10;    private JCheckBox AC;&#13;&#10;    private ButtonGroup bGroup;&#13;&#10;    &#13;&#10;    private JLabel arrLabel;&#13;&#10;    private JComboBox arrCombo;&#13;&#10;    &#13;&#10;    private JLabel seatLabel;&#13;&#10;    private JTextField seatText;&#13;&#10;    &#13;&#10;    private JButton computeFare;&#13;&#10;    &#13;&#10;    private JLabel totalFare;&#13;&#10;    private JTextField totalFareText;&#13;&#10;&#13;&#10;    &#13;&#10;    public static void main(String[] args) {&#13;&#10;        &#13;&#10;        new FareCalculator();&#13;&#10;        &#13;&#10;    }&#13;&#10;    &#13;&#10;    public FareCalculator () {&#13;&#10;        &#13;&#10;        frame = new JFrame (&quot;Fare Calculator&quot;);&#13;&#10;        frame.setLayout(new GridLayout(0, 1));&#13;&#10;        panel = new JPanel();&#13;&#10;        JPanel panel1 = new JPanel();&#13;&#10;        JPanel panel2 = new JPanel();&#13;&#10;        JPanel panel3 = new JPanel();&#13;&#10;        &#13;&#10;        &#13;&#10;        menuBar = new JMenuBar();&#13;&#10;        menu = new JMenu(&quot;Background&quot;);&#13;&#10;        red = new JMenuItem(&quot;RED&quot;);&#13;&#10;        green = new JMenuItem(&quot;Green&quot;);&#13;&#10;        yellow = new JMenuItem(&quot;Yellow&quot;);&#13;&#10;        menu.add(red);&#13;&#10;        menu.add(green);&#13;&#10;        menu.add(yellow);&#13;&#10;        menuBar.add(menu);&#13;&#10;        &#13;&#10;        GridLayout grdLayout = new GridLayout(0, 2);&#13;&#10;        &#13;&#10;        red.addActionListener(new ActionListener() {&#13;&#10;            @Override&#13;&#10;            public void actionPerformed(ActionEvent e) {&#13;&#10;                panel.setBackground(Color.red);&#13;&#10;                panel1.setBackground(Color.red);&#13;&#10;                panel2.setBackground(Color.red);&#13;&#10;                panel3.setBackground(Color.red);&#13;&#10;            }&#13;&#10;        });&#13;&#10;        &#13;&#10;        green.addActionListener(new ActionListener() {&#13;&#10;            @Override&#13;&#10;            public void actionPerformed(ActionEvent e) {&#13;&#10;                panel.setBackground(Color.green);&#13;&#10;                panel1.setBackground(Color.green);&#13;&#10;                panel2.setBackground(Color.green);&#13;&#10;                panel3.setBackground(Color.green);&#13;&#10;            }&#13;&#10;        });&#13;&#10;        &#13;&#10;        yellow.addActionListener(new ActionListener() {&#13;&#10;            @Override&#13;&#10;            public void actionPerformed(ActionEvent e) {&#13;&#10;                panel.setBackground(Color.yellow);&#13;&#10;                panel1.setBackground(Color.yellow);&#13;&#10;                panel2.setBackground(Color.yellow);&#13;&#10;                panel3.setBackground(Color.yellow);&#13;&#10;            }&#13;&#10;        });&#13;&#10;        &#13;&#10;        departPunjabLabel = new JLabel(&quot;Departure City: &quot;);&#13;&#10;        departPunjabCombo = new JComboBox();&#13;&#10;        departPunjabCombo.addItem(&quot;Lahore&quot;);&#13;&#10;        departPunjabCombo.addItem(&quot;Sialkot&quot;);&#13;&#10;        &#13;&#10;        departSindhLabel = new JLabel(&quot;Departure City: &quot;);&#13;&#10;        departSindhCombo = new JComboBox();&#13;&#10;        departSindhCombo.addItem(&quot;Karachi&quot;);&#13;&#10;        departSindhCombo.addItem(&quot;Hyderabad&quot;);&#13;&#10;        &#13;&#10;        provinceLabel = new JLabel(&quot;Province: &quot;);&#13;&#10;        provinceCombo = new JComboBox();&#13;&#10;        provinceCombo.addItem(&quot;Punjab&quot;);&#13;&#10;        provinceCombo.addItem(&quot;Sindh&quot;);&#13;&#10;        &#13;&#10;        Class = new JLabel(&quot;Class&quot;);&#13;&#10;        economy = new JCheckBox(&quot;Economy&quot;);&#13;&#10;        AC = new JCheckBox(&quot;AC&quot;);&#13;&#10;        bGroup = new ButtonGroup();&#13;&#10;        bGroup.add(economy);&#13;&#10;        bGroup.add(AC);&#13;&#10;        &#13;&#10;        &#13;&#10;        arrLabel = new JLabel(&quot;Arrival City: &quot;);&#13;&#10;        arrCombo = new JComboBox();&#13;&#10;        arrCombo.addItem(&quot;Islamabad&quot;);&#13;&#10;        arrCombo.addItem(&quot;Gujranwala&quot;);&#13;&#10;        arrCombo.addItem(&quot;Faisalabad&quot;);&#13;&#10;        &#13;&#10;        seatLabel = new JLabel(&quot;Total Seats&quot;);&#13;&#10;        seatText = new JTextField(&quot;&quot;);&#13;&#10;        &#13;&#10;        computeFare = new JButton(&quot;Compute Fare&quot;);&#13;&#10;        &#13;&#10;        computeFare.addActionListener(new ActionListener() {&#13;&#10;            @Override&#13;&#10;            public void actionPerformed(ActionEvent e) {&#13;&#10;                int eco = 0;&#13;&#10;                int acClass = 0;&#13;&#10;                int seatNum = 0;&#13;&#10;                &#13;&#10;                try {&#13;&#10;                    if (seatText.getText().equals(&quot;&quot;)) {&#13;&#10;                        totalFareText.setText(&quot;missing input. Try Again&quot;);&#13;&#10;                    }&#13;&#10;                    else {&#13;&#10;                        seatNum = Integer.parseInt(seatText.getText().trim());&#13;&#10;                        if(provinceCombo.getSelectedItem()==&quot;Punjab&quot;) {&#13;&#10;                        if (departPunjabCombo.getSelectedItem() == &quot;Lahore&quot; ) {&#13;&#10;                            if (arrCombo.getSelectedItem() == &quot;Islamabad&quot;) {&#13;&#10;                                eco = 500;&#13;&#10;                                acClass = 1000;&#13;&#10;                                if (economy.isSelected()) {&#13;&#10;                                    totalFareText.setText(String.format(&quot;%d&quot;, eco*seatNum));&#13;&#10;                                }&#13;&#10;                                else if (AC.isSelected()) {&#13;&#10;                                    totalFareText.setText(String.format(&quot;%d&quot;, acClass*seatNum));&#13;&#10;                                }&#13;&#10;                                else {&#13;&#10;                                    totalFareText.setText(&quot;missing input. Try Again&quot;);&#13;&#10;                                }&#13;&#10;                            }&#13;&#10;                            else if (arrCombo.getSelectedItem() == &quot;Gujranwala&quot;) {&#13;&#10;                                eco = 600;&#13;&#10;                                acClass = 1500;&#13;&#10;                                if (economy.isSelected()) {&#13;&#10;                                    totalFareText.setText(String.format(&quot;%d&quot;, eco*seatNum));&#13;&#10;                                }&#13;&#10;                                else if (AC.isSelected()) {&#13;&#10;                                    totalFareText.setText(String.format(&quot;%d&quot;, acClass*seatNum));&#13;&#10;                                }&#13;&#10;                                else {&#13;&#10;                                    totalFareText.setText(&quot;missing input. Try Again&quot;);&#13;&#10;                                }&#13;&#10;                            }&#13;&#10;                            else if (arrCombo.getSelectedItem() == &quot;Faisalabad&quot;) {&#13;&#10;                                eco = 700;&#13;&#10;                                acClass = 200;&#13;&#10;                                if (economy.isSelected()) {&#13;&#10;                                    totalFareText.setText(String.format(&quot;%d&quot;, eco*seatNum));&#13;&#10;                                }&#13;&#10;                                else if (AC.isSelected()) {&#13;&#10;                                    totalFareText.setText(String.format(&quot;%d&quot;, acClass*seatNum));&#13;&#10;                                }&#13;&#10;                                else {&#13;&#10;                                    totalFareText.setText(&quot;missing input. Try Again&quot;);&#13;&#10;                                }&#13;&#10;                            }&#13;&#10;                        FileWriter file = new FileWriter(&quot;output.txt&quot;);&#13;&#10;                        file.write(totalFareText.getText());&#13;&#10;                        file.close();&#13;&#10;                        }&#13;&#10;                        &#13;&#10;                        else if (departPunjabCombo.getSelectedItem() == &quot;Sialkot&quot; ) {&#13;&#10;                            if (arrCombo.getSelectedItem() == &quot;Islamabad&quot;) {&#13;&#10;                                eco = 500;&#13;&#10;                                acClass = 1000;&#13;&#10;                                if (economy.isSelected()) {&#13;&#10;                                    totalFareText.setText(String.format(&quot;%d&quot;, eco*seatNum));&#13;&#10;                                }&#13;&#10;                                else if (AC.isSelected()) {&#13;&#10;                                    totalFareText.setText(String.format(&quot;%d&quot;, acClass*seatNum));&#13;&#10;                                }&#13;&#10;                                else {&#13;&#10;                                    totalFareText.setText(&quot;missing input. Try Again&quot;);&#13;&#10;                                }&#13;&#10;                            }&#13;&#10;                            else if (arrCombo.getSelectedItem() == &quot;Gujranwala&quot;) {&#13;&#10;                                eco = 600;&#13;&#10;                                acClass = 1500;&#13;&#10;                                if (economy.isSelected()) {&#13;&#10;                                    totalFareText.setText(String.format(&quot;%d&quot;, eco*seatNum));&#13;&#10;                                }&#13;&#10;                                else if (AC.isSelected()) {&#13;&#10;                                    totalFareText.setText(String.format(&quot;%d&quot;, acClass*seatNum));&#13;&#10;                                }&#13;&#10;                                else {&#13;&#10;                                    totalFareText.setText(&quot;missing input. Try Again&quot;);&#13;&#10;                                }&#13;&#10;                            }&#13;&#10;                            else if (arrCombo.getSelectedItem() == &quot;Faisalabad&quot;) {&#13;&#10;                                eco = 700;&#13;&#10;                                acClass = 200;&#13;&#10;                                if (economy.isSelected()) {&#13;&#10;                                    totalFareText.setText(String.format(&quot;%d&quot;, eco*seatNum));&#13;&#10;                                }&#13;&#10;                                else if (AC.isSelected()) {&#13;&#10;                                    totalFareText.setText(String.format(&quot;%d&quot;, acClass*seatNum));&#13;&#10;                                }&#13;&#10;                                else {&#13;&#10;                                    totalFareText.setText(&quot;missing input. Try Again&quot;);&#13;&#10;                                }&#13;&#10;                            }&#13;&#10;                        }&#13;&#10;                        else if(provinceCombo.getSelectedItem()==&quot;Sindh&quot;)&#13;&#10;                 &#13;&#10;                        &#9;if (departPunjabCombo.getSelectedItem() == &quot;Karachi&quot; ) {&#13;&#10;                            if (arrCombo.getSelectedItem() == &quot;Islamabad&quot;) {&#13;&#10;                                eco = 600;&#13;&#10;                                acClass = 1100;&#13;&#10;                                if (economy.isSelected()) {&#13;&#10;                                    totalFareText.setText(String.format(&quot;%d&quot;, eco*seatNum));&#13;&#10;                                }&#13;&#10;                                else if (AC.isSelected()) {&#13;&#10;                                    totalFareText.setText(String.format(&quot;%d&quot;, acClass*seatNum));&#13;&#10;                                }&#13;&#10;                                else {&#13;&#10;                                    totalFareText.setText(&quot;missing input. Try Again&quot;);&#13;&#10;                                }&#13;&#10;                            }&#13;&#10;                            else if (arrCombo.getSelectedItem() == &quot;Gujranwala&quot;) {&#13;&#10;                                eco = 680;&#13;&#10;                                acClass = 1570;&#13;&#10;                                if (economy.isSelected()) {&#13;&#10;                                    totalFareText.setText(String.format(&quot;%d&quot;, eco*seatNum));&#13;&#10;                                }&#13;&#10;                                else if (AC.isSelected()) {&#13;&#10;                                    totalFareText.setText(String.format(&quot;%d&quot;, acClass*seatNum));&#13;&#10;                                }&#13;&#10;                                else {&#13;&#10;                                    totalFareText.setText(&quot;missing input. Try Again&quot;);&#13;&#10;                                }&#13;&#10;                            }&#13;&#10;                            else if (arrCombo.getSelectedItem() == &quot;Faisalabad&quot;) {&#13;&#10;                                eco = 700;&#13;&#10;                                acClass = 200;&#13;&#10;                                if (economy.isSelected()) {&#13;&#10;                                    totalFareText.setText(String.format(&quot;%d&quot;, eco*seatNum));&#13;&#10;                                }&#13;&#10;                                else if (AC.isSelected()) {&#13;&#10;                                    totalFareText.setText(String.format(&quot;%d&quot;, acClass*seatNum));&#13;&#10;                                }&#13;&#10;                                else {&#13;&#10;                                    totalFareText.setText(&quot;missing input. Try Again&quot;);&#13;&#10;                                }&#13;&#10;                            }&#13;&#10;                        FileWriter file = new FileWriter(&quot;output.txt&quot;);&#13;&#10;                        file.write(totalFareText.getText());&#13;&#10;                        file.close();&#13;&#10;                        }&#13;&#10;                        &#13;&#10;                        else if (departPunjabCombo.getSelectedItem() == &quot;Hyderabad&quot; ) {&#13;&#10;                            if (arrCombo.getSelectedItem() == &quot;Islamabad&quot;) {&#13;&#10;                                eco = 500;&#13;&#10;                                acClass = 1000;&#13;&#10;                                if (economy.isSelected()) {&#13;&#10;                                    totalFareText.setText(String.format(&quot;%d&quot;, eco*seatNum));&#13;&#10;                                }&#13;&#10;                                else if (AC.isSelected()) {&#13;&#10;                                    totalFareText.setText(String.format(&quot;%d&quot;, acClass*seatNum));&#13;&#10;                                }&#13;&#10;                                else {&#13;&#10;                                    totalFareText.setText(&quot;missing input. Try Again&quot;);&#13;&#10;                                }&#13;&#10;                            }&#13;&#10;                            else if (arrCombo.getSelectedItem() == &quot;Gujranwala&quot;) {&#13;&#10;                                eco = 600;&#13;&#10;                                acClass = 1500;&#13;&#10;                                if (economy.isSelected()) {&#13;&#10;                                    totalFareText.setText(String.format(&quot;%d&quot;, eco*seatNum));&#13;&#10;                                }&#13;&#10;                                else if (AC.isSelected()) {&#13;&#10;                                    totalFareText.setText(String.format(&quot;%d&quot;, acClass*seatNum));&#13;&#10;                                }&#13;&#10;                                else {&#13;&#10;                                    totalFareText.setText(&quot;missing input. Try Again&quot;);&#13;&#10;                                }&#13;&#10;                            }&#13;&#10;                            else if (arrCombo.getSelectedItem() == &quot;Faisalabad&quot;) {&#13;&#10;                                eco = 700;&#13;&#10;                                acClass = 200;&#13;&#10;                                if (economy.isSelected()) {&#13;&#10;                                    totalFareText.setText(String.format(&quot;%d&quot;, eco*seatNum));&#13;&#10;                                }&#13;&#10;                                else if (AC.isSelected()) {&#13;&#10;                                    totalFareText.setText(String.format(&quot;%d&quot;, acClass*seatNum));&#13;&#10;                                }&#13;&#10;                                else {&#13;&#10;                                    totalFareText.setText(&quot;missing input. Try Again&quot;);&#13;&#10;                                }&#13;&#10;                            }&#13;&#10;                        &#9;&#13;&#10;                        }&#13;&#10;                        FileWriter file = new FileWriter(&quot;output.txt&quot;);&#13;&#10;                        file.write(totalFareText.getText());&#13;&#10;                        file.close();&#13;&#10;                        }&#13;&#10;                    }&#13;&#10;                } catch (Exception ex) {&#13;&#10;                    System.out.println(ex);&#13;&#10;                }&#13;&#10;            }   &#13;&#10;        });&#13;&#10;        &#13;&#10;        totalFare = new JLabel(&quot;Total Fare&quot;);&#13;&#10;        totalFareText = new JTextField(&quot;&quot;);&#13;&#10;        &#13;&#10;        frame.add(panel);&#13;&#10;        frame.add(panel1);&#13;&#10;        frame.add(panel3);&#13;&#10;        frame.add(panel2);&#13;&#10;&#13;&#10;        panel.setBorder(BorderFactory.createEmptyBorder(30, 30, 0, 30));&#13;&#10;        panel3.setBorder(BorderFactory.createEmptyBorder(30, 30, 0, 30));&#13;&#10;        panel.setLayout(grdLayout);&#13;&#10;        panel.add(provinceLabel);&#13;&#10;        panel.add(provinceCombo);&#13;&#10;        if(provinceCombo.getSelectedItem()==&quot;Sindh&quot;) {&#13;&#10;        &#9;&#13;&#10;        &#9;panel.add(departSindhLabel);&#13;&#10;            panel.add(departSindhCombo);&#13;&#10;        }&#13;&#10;        else if(provinceCombo.getSelectedItem()==&quot;Punjab&quot;) {&#13;&#10;        panel.add(departPunjabLabel);&#13;&#10;        panel.add(departPunjabCombo);&#13;&#10;        }&#13;&#10;        &#13;&#10;        panel1.add(Class);&#13;&#10;        panel1.add(economy);&#13;&#10;        panel1.add(AC);&#13;&#10;        panel.add(arrLabel);&#13;&#10;        panel.add(arrCombo);&#13;&#10;        panel.add(seatLabel);&#13;&#10;        panel.add(seatText);&#13;&#10;        panel2.setLayout(new FlowLayout());&#13;&#10;        panel2.add(computeFare);&#13;&#10;        panel3.add(totalFare);&#13;&#10;        panel3.add(totalFareText);&#13;&#10;        panel3.setLayout(new GridLayout(0, 2));&#13;&#10;        &#13;&#10;        frame.setBounds(0, 0, 800, 550);&#13;&#10;        frame.setJMenuBar(menuBar);&#13;&#10;        frame.setDefaultCloseOperation(JFrame.EXIT_ON_CLOSE);&#13;&#10;        frame.setVisible(true);&#13;&#10;        &#13;&#10;    }&#13;&#10;    &#13;&#10;}&#13;&#10;" Filename="FareCalculator.java" Intrnl_Id="1"/>
    </SrcFileList>
    <CritList>
        <CritListEntry Name="org.codecover.model.utils.criteria.ConditionCoverage" PluginName="org.codecover"/>
        <CritListEntry Name="org.codecover.model.utils.criteria.BranchCoverage" PluginName="org.codecover"/>
        <CritListEntry Name="org.codecover.model.utils.criteria.StatementCoverage" PluginName="org.codecover"/>
    </CritList>
    <BoolOpList/>
    <HierarchyLvlTypeList>
        <HierarchyLvlType EnglishName="package" IntrnlName="package" Intrnl_Id="2"/>
        <HierarchyLvlType EnglishName="anonymous class" IntrnlName="class" Intrnl_Id="3"/>
        <HierarchyLvlType EnglishName="method" IntrnlName="method" Intrnl_Id="4"/>
        <HierarchyLvlType EnglishName="class" IntrnlName="class" Intrnl_Id="5"/>
        <HierarchyLvlType EnglishName="default package" IntrnlName="default package" Intrnl_Id="6"/>
    </HierarchyLvlTypeList>
    <MASTRoot>
        <HierarchyLvl HierarchyLvlId="256" HierarchyLvlTypeId="6" Intrnl_Id="7" Name="default package">
            <Header/>
            <LocList/>
            <HierarchyLvl HierarchyLvlId="255" HierarchyLvlTypeId="2" Intrnl_Id="8" Name="FareCalculator">
                <Header/>
                <LocList/>
                <HierarchyLvl HierarchyLvlId="254" HierarchyLvlTypeId="5" Intrnl_Id="9" Name="FareCalculator">
                    <Header>
                        <Loc EndOffset="604" SrcFileId="1" StartOffset="577"/>
                    </Header>
                    <LocList>
                        <Loc EndOffset="16999" SrcFileId="1" StartOffset="577"/>
                    </LocList>
                    <HierarchyLvl HierarchyLvlId="244" HierarchyLvlTypeId="4" Intrnl_Id="10" Name="main">
                        <Header>
                            <Loc EndOffset="1501" SrcFileId="1" StartOffset="1463"/>
                        </Header>
                        <LocList>
                            <Loc EndOffset="1561" SrcFileId="1" StartOffset="1463"/>
                        </LocList>
                        <StmntSeq Intrnl_Id="11">
                            <LocList>
                                <Loc EndOffset="1544" SrcFileId="1" StartOffset="1523"/>
                            </LocList>
                            <BasicStmnt CovItemId="S1" CovItemPrefix="FareCalculator.FareCalculator.java" Intrnl_Id="12">
                                <LocList>
                                    <Loc EndOffset="1544" SrcFileId="1" StartOffset="1523"/>
                                </LocList>
                            </BasicStmnt>
                        </StmntSeq>
                    </HierarchyLvl>
                    <HierarchyLvl HierarchyLvlId="253" HierarchyLvlTypeId="4" Intrnl_Id="13" Name="FareCalculator">
                        <Header>
                            <Loc EndOffset="1597" SrcFileId="1" StartOffset="1573"/>
                        </Header>
                        <LocList>
                            <Loc EndOffset="16990" SrcFileId="1" StartOffset="1573"/>
                        </LocList>
                        <StmntSeq Intrnl_Id="14">
                            <LocList>
                                <Loc EndOffset="1658" SrcFileId="1" StartOffset="1619"/>
                                <Loc EndOffset="1706" SrcFileId="1" StartOffset="1668"/>
                                <Loc EndOffset="1737" SrcFileId="1" StartOffset="1716"/>
                                <Loc EndOffset="1776" SrcFileId="1" StartOffset="1747"/>
                                <Loc EndOffset="1815" SrcFileId="1" StartOffset="1786"/>
                                <Loc EndOffset="1854" SrcFileId="1" StartOffset="1825"/>
                                <Loc EndOffset="1909" SrcFileId="1" StartOffset="1884"/>
                                <Loc EndOffset="1950" SrcFileId="1" StartOffset="1919"/>
                                <Loc EndOffset="1987" SrcFileId="1" StartOffset="1960"/>
                                <Loc EndOffset="2028" SrcFileId="1" StartOffset="1997"/>
                                <Loc EndOffset="2071" SrcFileId="1" StartOffset="2038"/>
                                <Loc EndOffset="2095" SrcFileId="1" StartOffset="2081"/>
                                <Loc EndOffset="2121" SrcFileId="1" StartOffset="2105"/>
                                <Loc EndOffset="2148" SrcFileId="1" StartOffset="2131"/>
                                <Loc EndOffset="2176" SrcFileId="1" StartOffset="2158"/>
                                <Loc EndOffset="2240" SrcFileId="1" StartOffset="2196"/>
                                <Loc EndOffset="2282" SrcFileId="1" StartOffset="2260"/>
                                <Loc EndOffset="2612" SrcFileId="1" StartOffset="2610"/>
                                <Loc EndOffset="2656" SrcFileId="1" StartOffset="2632"/>
                                <Loc EndOffset="2994" SrcFileId="1" StartOffset="2992"/>
                                <Loc EndOffset="3039" SrcFileId="1" StartOffset="3014"/>
                                <Loc EndOffset="3381" SrcFileId="1" StartOffset="3379"/>
                                <Loc EndOffset="3452" SrcFileId="1" StartOffset="3401"/>
                                <Loc EndOffset="3498" SrcFileId="1" StartOffset="3462"/>
                                <Loc EndOffset="3544" SrcFileId="1" StartOffset="3508"/>
                                <Loc EndOffset="3591" SrcFileId="1" StartOffset="3554"/>
                                <Loc EndOffset="3661" SrcFileId="1" StartOffset="3611"/>
                                <Loc EndOffset="3706" SrcFileId="1" StartOffset="3671"/>
                                <Loc EndOffset="3752" SrcFileId="1" StartOffset="3716"/>
                                <Loc EndOffset="3800" SrcFileId="1" StartOffset="3762"/>
                                <Loc EndOffset="3861" SrcFileId="1" StartOffset="3820"/>
                                <Loc EndOffset="3903" SrcFileId="1" StartOffset="3871"/>
                                <Loc EndOffset="3945" SrcFileId="1" StartOffset="3913"/>
                                <Loc EndOffset="3986" SrcFileId="1" StartOffset="3955"/>
                                <Loc EndOffset="4034" SrcFileId="1" StartOffset="4006"/>
                                <Loc EndOffset="4079" SrcFileId="1" StartOffset="4044"/>
                                <Loc EndOffset="4114" SrcFileId="1" StartOffset="4089"/>
                                <Loc EndOffset="4151" SrcFileId="1" StartOffset="4124"/>
                                <Loc EndOffset="4181" SrcFileId="1" StartOffset="4161"/>
                                <Loc EndOffset="4206" SrcFileId="1" StartOffset="4191"/>
                                <Loc EndOffset="4276" SrcFileId="1" StartOffset="4236"/>
                                <Loc EndOffset="4313" SrcFileId="1" StartOffset="4286"/>
                                <Loc EndOffset="4353" SrcFileId="1" StartOffset="4323"/>
                                <Loc EndOffset="4394" SrcFileId="1" StartOffset="4363"/>
                                <Loc EndOffset="4435" SrcFileId="1" StartOffset="4404"/>
                                <Loc EndOffset="4493" SrcFileId="1" StartOffset="4455"/>
                                <Loc EndOffset="4533" SrcFileId="1" StartOffset="4503"/>
                                <Loc EndOffset="4595" SrcFileId="1" StartOffset="4553"/>
                                <Loc EndOffset="4645" SrcFileId="1" StartOffset="4615"/>
                                <Loc EndOffset="15587" SrcFileId="1" StartOffset="15585"/>
                                <Loc EndOffset="15644" SrcFileId="1" StartOffset="15607"/>
                                <Loc EndOffset="15689" SrcFileId="1" StartOffset="15654"/>
                                <Loc EndOffset="15726" SrcFileId="1" StartOffset="15709"/>
                                <Loc EndOffset="15754" SrcFileId="1" StartOffset="15736"/>
                                <Loc EndOffset="15782" SrcFileId="1" StartOffset="15764"/>
                                <Loc EndOffset="15810" SrcFileId="1" StartOffset="15792"/>
                                <Loc EndOffset="15886" SrcFileId="1" StartOffset="15822"/>
                                <Loc EndOffset="15961" SrcFileId="1" StartOffset="15896"/>
                                <Loc EndOffset="15998" SrcFileId="1" StartOffset="15971"/>
                                <Loc EndOffset="16033" SrcFileId="1" StartOffset="16008"/>
                                <Loc EndOffset="16068" SrcFileId="1" StartOffset="16043"/>
                                <Loc EndOffset="16378" SrcFileId="1" StartOffset="16078"/>
                                <Loc EndOffset="16416" SrcFileId="1" StartOffset="16398"/>
                                <Loc EndOffset="16446" SrcFileId="1" StartOffset="16426"/>
                                <Loc EndOffset="16471" SrcFileId="1" StartOffset="16456"/>
                                <Loc EndOffset="16501" SrcFileId="1" StartOffset="16481"/>
                                <Loc EndOffset="16531" SrcFileId="1" StartOffset="16511"/>
                                <Loc EndOffset="16562" SrcFileId="1" StartOffset="16541"/>
                                <Loc EndOffset="16592" SrcFileId="1" StartOffset="16572"/>
                                <Loc EndOffset="16637" SrcFileId="1" StartOffset="16602"/>
                                <Loc EndOffset="16671" SrcFileId="1" StartOffset="16647"/>
                                <Loc EndOffset="16703" SrcFileId="1" StartOffset="16681"/>
                                <Loc EndOffset="16739" SrcFileId="1" StartOffset="16713"/>
                                <Loc EndOffset="16788" SrcFileId="1" StartOffset="16749"/>
                                <Loc EndOffset="16840" SrcFileId="1" StartOffset="16808"/>
                                <Loc EndOffset="16877" SrcFileId="1" StartOffset="16850"/>
                                <Loc EndOffset="16940" SrcFileId="1" StartOffset="16887"/>
                                <Loc EndOffset="16973" SrcFileId="1" StartOffset="16950"/>
                            </LocList>
                            <BasicStmnt CovItemId="S2" CovItemPrefix="FareCalculator.FareCalculator.java" Intrnl_Id="15">
                                <LocList>
                                    <Loc EndOffset="1658" SrcFileId="1" StartOffset="1619"/>
                                </LocList>
                            </BasicStmnt>
                            <BasicStmnt CovItemId="S3" CovItemPrefix="FareCalculator.FareCalculator.java" Intrnl_Id="16">
                                <LocList>
                                    <Loc EndOffset="1706" SrcFileId="1" StartOffset="1668"/>
                                </LocList>
                            </BasicStmnt>
                            <BasicStmnt CovItemId="S4" CovItemPrefix="FareCalculator.FareCalculator.java" Intrnl_Id="17">
                                <LocList>
                                    <Loc EndOffset="1737" SrcFileId="1" StartOffset="1716"/>
                                </LocList>
                            </BasicStmnt>
                            <BasicStmnt CovItemId="S5" CovItemPrefix="FareCalculator.FareCalculator.java" Intrnl_Id="18">
                                <LocList>
                                    <Loc EndOffset="1776" SrcFileId="1" StartOffset="1747"/>
                                </LocList>
                            </BasicStmnt>
                            <BasicStmnt CovItemId="S6" CovItemPrefix="FareCalculator.FareCalculator.java" Intrnl_Id="19">
                                <LocList>
                                    <Loc EndOffset="1815" SrcFileId="1" StartOffset="1786"/>
                                </LocList>
                            </BasicStmnt>
                            <BasicStmnt CovItemId="S7" CovItemPrefix="FareCalculator.FareCalculator.java" Intrnl_Id="20">
                                <LocList>
                                    <Loc EndOffset="1854" SrcFileId="1" StartOffset="1825"/>
                                </LocList>
                            </BasicStmnt>
                            <BasicStmnt CovItemId="S8" CovItemPrefix="FareCalculator.FareCalculator.java" Intrnl_Id="21">
                                <LocList>
                                    <Loc EndOffset="1909" SrcFileId="1" StartOffset="1884"/>
                                </LocList>
                            </BasicStmnt>
                            <BasicStmnt CovItemId="S9" CovItemPrefix="FareCalculator.FareCalculator.java" Intrnl_Id="22">
                                <LocList>
                                    <Loc EndOffset="1950" SrcFileId="1" StartOffset="1919"/>
                                </LocList>
                            </BasicStmnt>
                            <BasicStmnt CovItemId="S10" CovItemPrefix="FareCalculator.FareCalculator.java" Intrnl_Id="23">
                                <LocList>
                                    <Loc EndOffset="1987" SrcFileId="1" StartOffset="1960"/>
                                </LocList>
                            </BasicStmnt>
                            <BasicStmnt CovItemId="S11" CovItemPrefix="FareCalculator.FareCalculator.java" Intrnl_Id="24">
                                <LocList>
                                    <Loc EndOffset="2028" SrcFileId="1" StartOffset="1997"/>
                                </LocList>
                            </BasicStmnt>
                            <BasicStmnt CovItemId="S12" CovItemPrefix="FareCalculator.FareCalculator.java" Intrnl_Id="25">
                                <LocList>
                                    <Loc EndOffset="2071" SrcFileId="1" StartOffset="2038"/>
                                </LocList>
                            </BasicStmnt>
                            <BasicStmnt CovItemId="S13" CovItemPrefix="FareCalculator.FareCalculator.java" Intrnl_Id="26">
                                <LocList>
                                    <Loc EndOffset="2095" SrcFileId="1" StartOffset="2081"/>
                                </LocList>
                            </BasicStmnt>
                            <BasicStmnt CovItemId="S14" CovItemPrefix="FareCalculator.FareCalculator.java" Intrnl_Id="27">
                                <LocList>
                                    <Loc EndOffset="2121" SrcFileId="1" StartOffset="2105"/>
                                </LocList>
                            </BasicStmnt>
                            <BasicStmnt CovItemId="S15" CovItemPrefix="FareCalculator.FareCalculator.java" Intrnl_Id="28">
                                <LocList>
                                    <Loc EndOffset="2148" SrcFileId="1" StartOffset="2131"/>
                                </LocList>
                            </BasicStmnt>
                            <BasicStmnt CovItemId="S16" CovItemPrefix="FareCalculator.FareCalculator.java" Intrnl_Id="29">
                                <LocList>
                                    <Loc EndOffset="2176" SrcFileId="1" StartOffset="2158"/>
                                </LocList>
                            </BasicStmnt>
                            <BasicStmnt CovItemId="S17" CovItemPrefix="FareCalculator.FareCalculator.java" Intrnl_Id="30">
                                <LocList>
                                    <Loc EndOffset="2240" SrcFileId="1" StartOffset="2196"/>
                                </LocList>
                            </BasicStmnt>
                            <BasicStmnt CovItemId="S18" CovItemPrefix="FareCalculator.FareCalculator.java" Intrnl_Id="31">
                                <LocList>
                                    <Loc EndOffset="2282" SrcFileId="1" StartOffset="2260"/>
                                    <Loc EndOffset="2612" SrcFileId="1" StartOffset="2610"/>
                                </LocList>
                            </BasicStmnt>
                            <BasicStmnt CovItemId="S23" CovItemPrefix="FareCalculator.FareCalculator.java" Intrnl_Id="32">
                                <LocList>
                                    <Loc EndOffset="2656" SrcFileId="1" StartOffset="2632"/>
                                    <Loc EndOffset="2994" SrcFileId="1" StartOffset="2992"/>
                                </LocList>
                            </BasicStmnt>
                            <BasicStmnt CovItemId="S28" CovItemPrefix="FareCalculator.FareCalculator.java" Intrnl_Id="33">
                                <LocList>
                                    <Loc EndOffset="3039" SrcFileId="1" StartOffset="3014"/>
                                    <Loc EndOffset="3381" SrcFileId="1" StartOffset="3379"/>
                                </LocList>
                            </BasicStmnt>
                            <BasicStmnt CovItemId="S33" CovItemPrefix="FareCalculator.FareCalculator.java" Intrnl_Id="34">
                                <LocList>
                                    <Loc EndOffset="3452" SrcFileId="1" StartOffset="3401"/>
                                </LocList>
                            </BasicStmnt>
                            <BasicStmnt CovItemId="S34" CovItemPrefix="FareCalculator.FareCalculator.java" Intrnl_Id="35">
                                <LocList>
                                    <Loc EndOffset="3498" SrcFileId="1" StartOffset="3462"/>
                                </LocList>
                            </BasicStmnt>
                            <BasicStmnt CovItemId="S35" CovItemPrefix="FareCalculator.FareCalculator.java" Intrnl_Id="36">
                                <LocList>
                                    <Loc EndOffset="3544" SrcFileId="1" StartOffset="3508"/>
                                </LocList>
                            </BasicStmnt>
                            <BasicStmnt CovItemId="S36" CovItemPrefix="FareCalculator.FareCalculator.java" Intrnl_Id="37">
                                <LocList>
                                    <Loc EndOffset="3591" SrcFileId="1" StartOffset="3554"/>
                                </LocList>
                            </BasicStmnt>
                            <BasicStmnt CovItemId="S37" CovItemPrefix="FareCalculator.FareCalculator.java" Intrnl_Id="38">
                                <LocList>
                                    <Loc EndOffset="3661" SrcFileId="1" StartOffset="3611"/>
                                </LocList>
                            </BasicStmnt>
                            <BasicStmnt CovItemId="S38" CovItemPrefix="FareCalculator.FareCalculator.java" Intrnl_Id="39">
                                <LocList>
                                    <Loc EndOffset="3706" SrcFileId="1" StartOffset="3671"/>
                                </LocList>
                            </BasicStmnt>
                            <BasicStmnt CovItemId="S39" CovItemPrefix="FareCalculator.FareCalculator.java" Intrnl_Id="40">
                                <LocList>
                                    <Loc EndOffset="3752" SrcFileId="1" StartOffset="3716"/>
                                </LocList>
                            </BasicStmnt>
                            <BasicStmnt CovItemId="S40" CovItemPrefix="FareCalculator.FareCalculator.java" Intrnl_Id="41">
                                <LocList>
                                    <Loc EndOffset="3800" SrcFileId="1" StartOffset="3762"/>
                                </LocList>
                            </BasicStmnt>
                            <BasicStmnt CovItemId="S41" CovItemPrefix="FareCalculator.FareCalculator.java" Intrnl_Id="42">
                                <LocList>
                                    <Loc EndOffset="3861" SrcFileId="1" StartOffset="3820"/>
                                </LocList>
                            </BasicStmnt>
                            <BasicStmnt CovItemId="S42" CovItemPrefix="FareCalculator.FareCalculator.java" Intrnl_Id="43">
                                <LocList>
                                    <Loc EndOffset="3903" SrcFileId="1" StartOffset="3871"/>
                                </LocList>
                            </BasicStmnt>
                            <BasicStmnt CovItemId="S43" CovItemPrefix="FareCalculator.FareCalculator.java" Intrnl_Id="44">
                                <LocList>
                                    <Loc EndOffset="3945" SrcFileId="1" StartOffset="3913"/>
                                </LocList>
                            </BasicStmnt>
                            <BasicStmnt CovItemId="S44" CovItemPrefix="FareCalculator.FareCalculator.java" Intrnl_Id="45">
                                <LocList>
                                    <Loc EndOffset="3986" SrcFileId="1" StartOffset="3955"/>
                                </LocList>
                            </BasicStmnt>
                            <BasicStmnt CovItemId="S45" CovItemPrefix="FareCalculator.FareCalculator.java" Intrnl_Id="46">
                                <LocList>
                                    <Loc EndOffset="4034" SrcFileId="1" StartOffset="4006"/>
                                </LocList>
                            </BasicStmnt>
                            <BasicStmnt CovItemId="S46" CovItemPrefix="FareCalculator.FareCalculator.java" Intrnl_Id="47">
                                <LocList>
                                    <Loc EndOffset="4079" SrcFileId="1" StartOffset="4044"/>
                                </LocList>
                            </BasicStmnt>
                            <BasicStmnt CovItemId="S47" CovItemPrefix="FareCalculator.FareCalculator.java" Intrnl_Id="48">
                                <LocList>
                                    <Loc EndOffset="4114" SrcFileId="1" StartOffset="4089"/>
                                </LocList>
                            </BasicStmnt>
                            <BasicStmnt CovItemId="S48" CovItemPrefix="FareCalculator.FareCalculator.java" Intrnl_Id="49">
                                <LocList>
                                    <Loc EndOffset="4151" SrcFileId="1" StartOffset="4124"/>
                                </LocList>
                            </BasicStmnt>
                            <BasicStmnt CovItemId="S49" CovItemPrefix="FareCalculator.FareCalculator.java" Intrnl_Id="50">
                                <LocList>
                                    <Loc EndOffset="4181" SrcFileId="1" StartOffset="4161"/>
                                </LocList>
                            </BasicStmnt>
                            <BasicStmnt CovItemId="S50" CovItemPrefix="FareCalculator.FareCalculator.java" Intrnl_Id="51">
                                <LocList>
                                    <Loc EndOffset="4206" SrcFileId="1" StartOffset="4191"/>
                                </LocList>
                            </BasicStmnt>
                            <BasicStmnt CovItemId="S51" CovItemPrefix="FareCalculator.FareCalculator.java" Intrnl_Id="52">
                                <LocList>
                                    <Loc EndOffset="4276" SrcFileId="1" StartOffset="4236"/>
                                </LocList>
                            </BasicStmnt>
                            <BasicStmnt CovItemId="S52" CovItemPrefix="FareCalculator.FareCalculator.java" Intrnl_Id="53">
                                <LocList>
                                    <Loc EndOffset="4313" SrcFileId="1" StartOffset="4286"/>
                                </LocList>
                            </BasicStmnt>
                            <BasicStmnt CovItemId="S53" CovItemPrefix="FareCalculator.FareCalculator.java" Intrnl_Id="54">
                                <LocList>
                                    <Loc EndOffset="4353" SrcFileId="1" StartOffset="4323"/>
                                </LocList>
                            </BasicStmnt>
                            <BasicStmnt CovItemId="S54" CovItemPrefix="FareCalculator.FareCalculator.java" Intrnl_Id="55">
                                <LocList>
                                    <Loc EndOffset="4394" SrcFileId="1" StartOffset="4363"/>
                                </LocList>
                            </BasicStmnt>
                            <BasicStmnt CovItemId="S55" CovItemPrefix="FareCalculator.FareCalculator.java" Intrnl_Id="56">
                                <LocList>
                                    <Loc EndOffset="4435" SrcFileId="1" StartOffset="4404"/>
                                </LocList>
                            </BasicStmnt>
                            <BasicStmnt CovItemId="S56" CovItemPrefix="FareCalculator.FareCalculator.java" Intrnl_Id="57">
                                <LocList>
                                    <Loc EndOffset="4493" SrcFileId="1" StartOffset="4455"/>
                                </LocList>
                            </BasicStmnt>
                            <BasicStmnt CovItemId="S57" CovItemPrefix="FareCalculator.FareCalculator.java" Intrnl_Id="58">
                                <LocList>
                                    <Loc EndOffset="4533" SrcFileId="1" StartOffset="4503"/>
                                </LocList>
                            </BasicStmnt>
                            <BasicStmnt CovItemId="S58" CovItemPrefix="FareCalculator.FareCalculator.java" Intrnl_Id="59">
                                <LocList>
                                    <Loc EndOffset="4595" SrcFileId="1" StartOffset="4553"/>
                                </LocList>
                            </BasicStmnt>
                            <BasicStmnt CovItemId="S59" CovItemPrefix="FareCalculator.FareCalculator.java" Intrnl_Id="60">
                                <LocList>
                                    <Loc EndOffset="4645" SrcFileId="1" StartOffset="4615"/>
                                    <Loc EndOffset="15587" SrcFileId="1" StartOffset="15585"/>
                                </LocList>
                            </BasicStmnt>
                            <BasicStmnt CovItemId="S179" CovItemPrefix="FareCalculator.FareCalculator.java" Intrnl_Id="61">
                                <LocList>
                                    <Loc EndOffset="15644" SrcFileId="1" StartOffset="15607"/>
                                </LocList>
                            </BasicStmnt>
                            <BasicStmnt CovItemId="S180" CovItemPrefix="FareCalculator.FareCalculator.java" Intrnl_Id="62">
                                <LocList>
                                    <Loc EndOffset="15689" SrcFileId="1" StartOffset="15654"/>
                                </LocList>
                            </BasicStmnt>
                            <BasicStmnt CovItemId="S181" CovItemPrefix="FareCalculator.FareCalculator.java" Intrnl_Id="63">
                                <LocList>
                                    <Loc EndOffset="15726" SrcFileId="1" StartOffset="15709"/>
                                </LocList>
                            </BasicStmnt>
                            <BasicStmnt CovItemId="S182" CovItemPrefix="FareCalculator.FareCalculator.java" Intrnl_Id="64">
                                <LocList>
                                    <Loc EndOffset="15754" SrcFileId="1" StartOffset="15736"/>
                                </LocList>
                            </BasicStmnt>
                            <BasicStmnt CovItemId="S183" CovItemPrefix="FareCalculator.FareCalculator.java" Intrnl_Id="65">
                                <LocList>
                                    <Loc EndOffset="15782" SrcFileId="1" StartOffset="15764"/>
                                </LocList>
                            </BasicStmnt>
                            <BasicStmnt CovItemId="S184" CovItemPrefix="FareCalculator.FareCalculator.java" Intrnl_Id="66">
                                <LocList>
                                    <Loc EndOffset="15810" SrcFileId="1" StartOffset="15792"/>
                                </LocList>
                            </BasicStmnt>
                            <BasicStmnt CovItemId="S185" CovItemPrefix="FareCalculator.FareCalculator.java" Intrnl_Id="67">
                                <LocList>
                                    <Loc EndOffset="15886" SrcFileId="1" StartOffset="15822"/>
                                </LocList>
                            </BasicStmnt>
                            <BasicStmnt CovItemId="S186" CovItemPrefix="FareCalculator.FareCalculator.java" Intrnl_Id="68">
                                <LocList>
                                    <Loc EndOffset="15961" SrcFileId="1" StartOffset="15896"/>
                                </LocList>
                            </BasicStmnt>
                            <BasicStmnt CovItemId="S187" CovItemPrefix="FareCalculator.FareCalculator.java" Intrnl_Id="69">
                                <LocList>
                                    <Loc EndOffset="15998" SrcFileId="1" StartOffset="15971"/>
                                </LocList>
                            </BasicStmnt>
                            <BasicStmnt CovItemId="S188" CovItemPrefix="FareCalculator.FareCalculator.java" Intrnl_Id="70">
                                <LocList>
                                    <Loc EndOffset="16033" SrcFileId="1" StartOffset="16008"/>
                                </LocList>
                            </BasicStmnt>
                            <BasicStmnt CovItemId="S189" CovItemPrefix="FareCalculator.FareCalculator.java" Intrnl_Id="71">
                                <LocList>
                                    <Loc EndOffset="16068" SrcFileId="1" StartOffset="16043"/>
                                </LocList>
                            </BasicStmnt>
                            <CondStmnt CovItemId="S190" CovItemPrefix="FareCalculator.FareCalculator.java" Intrnl_Id="72">
                                <Branch CovItemId="B89" CovItemPrefix="FareCalculator.FareCalculator.java" Implct="false" Intrnl_Id="73">
                                    <Cond/>
                                    <LocList>
                                        <Loc EndOffset="16227" SrcFileId="1" StartOffset="16123"/>
                                    </LocList>
                                    <StmntSeq Intrnl_Id="74">
                                        <LocList>
                                            <Loc EndOffset="16174" SrcFileId="1" StartOffset="16146"/>
                                            <Loc EndOffset="16216" SrcFileId="1" StartOffset="16188"/>
                                        </LocList>
                                        <BasicStmnt CovItemId="S191" CovItemPrefix="FareCalculator.FareCalculator.java" Intrnl_Id="75">
                                            <LocList>
                                                <Loc EndOffset="16174" SrcFileId="1" StartOffset="16146"/>
                                            </LocList>
                                        </BasicStmnt>
                                        <BasicStmnt CovItemId="S192" CovItemPrefix="FareCalculator.FareCalculator.java" Intrnl_Id="76">
                                            <LocList>
                                                <Loc EndOffset="16216" SrcFileId="1" StartOffset="16188"/>
                                            </LocList>
                                        </BasicStmnt>
                                    </StmntSeq>
                                </Branch>
                                <Branch CovItemId="B90" CovItemPrefix="FareCalculator.FareCalculator.java" Implct="false" Intrnl_Id="77">
                                    <Cond>
                                        <Loc EndOffset="16241" SrcFileId="1" StartOffset="16237"/>
                                    </Cond>
                                    <LocList>
                                        <Loc EndOffset="16378" SrcFileId="1" StartOffset="16242"/>
                                    </LocList>
                                    <StmntSeq Intrnl_Id="78">
                                        <LocList>
                                            <Loc EndOffset="16378" SrcFileId="1" StartOffset="16242"/>
                                        </LocList>
                                        <CondStmnt CovItemId="S193" CovItemPrefix="FareCalculator.FareCalculator.java" Intrnl_Id="79">
                                            <Branch CovItemId="B91" CovItemPrefix="FareCalculator.FareCalculator.java" Implct="false" Intrnl_Id="80">
                                                <Cond/>
                                                <LocList>
                                                    <Loc EndOffset="16378" SrcFileId="1" StartOffset="16288"/>
                                                </LocList>
                                                <StmntSeq Intrnl_Id="81">
                                                    <LocList>
                                                        <Loc EndOffset="16328" SrcFileId="1" StartOffset="16299"/>
                                                        <Loc EndOffset="16367" SrcFileId="1" StartOffset="16338"/>
                                                    </LocList>
                                                    <BasicStmnt CovItemId="S194" CovItemPrefix="FareCalculator.FareCalculator.java" Intrnl_Id="82">
                                                        <LocList>
                                                            <Loc EndOffset="16328" SrcFileId="1" StartOffset="16299"/>
                                                        </LocList>
                                                    </BasicStmnt>
                                                    <BasicStmnt CovItemId="S195" CovItemPrefix="FareCalculator.FareCalculator.java" Intrnl_Id="83">
                                                        <LocList>
                                                            <Loc EndOffset="16367" SrcFileId="1" StartOffset="16338"/>
                                                        </LocList>
                                                    </BasicStmnt>
                                                </StmntSeq>
                                            </Branch>
                                            <Branch CovItemId="B92" CovItemPrefix="FareCalculator.FareCalculator.java" Implct="true" Intrnl_Id="84">
                                                <Cond/>
                                                <LocList/>
                                                <StmntSeq Intrnl_Id="85">
                                                    <LocList/>
                                                </StmntSeq>
                                            </Branch>
                                            <Keyword EndOffset="16244" SrcFileId="1" StartOffset="16242"/>
                                            <LocList>
                                                <Loc EndOffset="16378" SrcFileId="1" StartOffset="16242"/>
                                            </LocList>
                                            <RootTerm CovItemId="C45" CovItemPrefix="FareCalculator.FareCalculator.java" Intrnl_Id="86">
                                                <BasicBoolTerm Intrnl_Id="87">
                                                    <LocList>
                                                        <Loc EndOffset="16286" SrcFileId="1" StartOffset="16245"/>
                                                    </LocList>
                                                </BasicBoolTerm>
                                            </RootTerm>
                                        </CondStmnt>
                                    </StmntSeq>
                                </Branch>
                                <Keyword EndOffset="16080" SrcFileId="1" StartOffset="16078"/>
                                <LocList>
                                    <Loc EndOffset="16378" SrcFileId="1" StartOffset="16078"/>
                                </LocList>
                                <RootTerm CovItemId="C44" CovItemPrefix="FareCalculator.FareCalculator.java" Intrnl_Id="88">
                                    <BasicBoolTerm Intrnl_Id="89">
                                        <LocList>
                                            <Loc EndOffset="16121" SrcFileId="1" StartOffset="16081"/>
                                        </LocList>
                                    </BasicBoolTerm>
                                </RootTerm>
                            </CondStmnt>
                            <BasicStmnt CovItemId="S196" CovItemPrefix="FareCalculator.FareCalculator.java" Intrnl_Id="90">
                                <LocList>
                                    <Loc EndOffset="16416" SrcFileId="1" StartOffset="16398"/>
                                </LocList>
                            </BasicStmnt>
                            <BasicStmnt CovItemId="S197" CovItemPrefix="FareCalculator.FareCalculator.java" Intrnl_Id="91">
                                <LocList>
                                    <Loc EndOffset="16446" SrcFileId="1" StartOffset="16426"/>
                                </LocList>
                            </BasicStmnt>
                            <BasicStmnt CovItemId="S198" CovItemPrefix="FareCalculator.FareCalculator.java" Intrnl_Id="92">
                                <LocList>
                                    <Loc EndOffset="16471" SrcFileId="1" StartOffset="16456"/>
                                </LocList>
                            </BasicStmnt>
                            <BasicStmnt CovItemId="S199" CovItemPrefix="FareCalculator.FareCalculator.java" Intrnl_Id="93">
                                <LocList>
                                    <Loc EndOffset="16501" SrcFileId="1" StartOffset="16481"/>
                                </LocList>
                            </BasicStmnt>
                            <BasicStmnt CovItemId="S200" CovItemPrefix="FareCalculator.FareCalculator.java" Intrnl_Id="94">
                                <LocList>
                                    <Loc EndOffset="16531" SrcFileId="1" StartOffset="16511"/>
                                </LocList>
                            </BasicStmnt>
                            <BasicStmnt CovItemId="S201" CovItemPrefix="FareCalculator.FareCalculator.java" Intrnl_Id="95">
                                <LocList>
                                    <Loc EndOffset="16562" SrcFileId="1" StartOffset="16541"/>
                                </LocList>
                            </BasicStmnt>
                            <BasicStmnt CovItemId="S202" CovItemPrefix="FareCalculator.FareCalculator.java" Intrnl_Id="96">
                                <LocList>
                                    <Loc EndOffset="16592" SrcFileId="1" StartOffset="16572"/>
                                </LocList>
                            </BasicStmnt>
                            <BasicStmnt CovItemId="S203" CovItemPrefix="FareCalculator.FareCalculator.java" Intrnl_Id="97">
                                <LocList>
                                    <Loc EndOffset="16637" SrcFileId="1" StartOffset="16602"/>
                                </LocList>
                            </BasicStmnt>
                            <BasicStmnt CovItemId="S204" CovItemPrefix="FareCalculator.FareCalculator.java" Intrnl_Id="98">
                                <LocList>
                                    <Loc EndOffset="16671" SrcFileId="1" StartOffset="16647"/>
                                </LocList>
                            </BasicStmnt>
                            <BasicStmnt CovItemId="S205" CovItemPrefix="FareCalculator.FareCalculator.java" Intrnl_Id="99">
                                <LocList>
                                    <Loc EndOffset="16703" SrcFileId="1" StartOffset="16681"/>
                                </LocList>
                            </BasicStmnt>
                            <BasicStmnt CovItemId="S206" CovItemPrefix="FareCalculator.FareCalculator.java" Intrnl_Id="100">
                                <LocList>
                                    <Loc EndOffset="16739" SrcFileId="1" StartOffset="16713"/>
                                </LocList>
                            </BasicStmnt>
                            <BasicStmnt CovItemId="S207" CovItemPrefix="FareCalculator.FareCalculator.java" Intrnl_Id="101">
                                <LocList>
                                    <Loc EndOffset="16788" SrcFileId="1" StartOffset="16749"/>
                                </LocList>
                            </BasicStmnt>
                            <BasicStmnt CovItemId="S208" CovItemPrefix="FareCalculator.FareCalculator.java" Intrnl_Id="102">
                                <LocList>
                                    <Loc EndOffset="16840" SrcFileId="1" StartOffset="16808"/>
                                </LocList>
                            </BasicStmnt>
                            <BasicStmnt CovItemId="S209" CovItemPrefix="FareCalculator.FareCalculator.java" Intrnl_Id="103">
                                <LocList>
                                    <Loc EndOffset="16877" SrcFileId="1" StartOffset="16850"/>
                                </LocList>
                            </BasicStmnt>
                            <BasicStmnt CovItemId="S210" CovItemPrefix="FareCalculator.FareCalculator.java" Intrnl_Id="104">
                                <LocList>
                                    <Loc EndOffset="16940" SrcFileId="1" StartOffset="16887"/>
                                </LocList>
                            </BasicStmnt>
                            <BasicStmnt CovItemId="S211" CovItemPrefix="FareCalculator.FareCalculator.java" Intrnl_Id="105">
                                <LocList>
                                    <Loc EndOffset="16973" SrcFileId="1" StartOffset="16950"/>
                                </LocList>
                            </BasicStmnt>
                        </StmntSeq>
                        <HierarchyLvl HierarchyLvlId="246" HierarchyLvlTypeId="3" Intrnl_Id="106" Name="ActionListener">
                            <Header>
                                <Loc EndOffset="2302" SrcFileId="1" StartOffset="2286"/>
                            </Header>
                            <LocList>
                                <Loc EndOffset="2610" SrcFileId="1" StartOffset="2282"/>
                            </LocList>
                            <HierarchyLvl HierarchyLvlId="245" HierarchyLvlTypeId="4" Intrnl_Id="107" Name="actionPerformed">
                                <Header>
                                    <Loc EndOffset="2383" SrcFileId="1" StartOffset="2318"/>
                                </Header>
                                <LocList>
                                    <Loc EndOffset="2599" SrcFileId="1" StartOffset="2318"/>
                                </LocList>
                                <StmntSeq Intrnl_Id="108">
                                    <LocList>
                                        <Loc EndOffset="2434" SrcFileId="1" StartOffset="2403"/>
                                        <Loc EndOffset="2484" SrcFileId="1" StartOffset="2452"/>
                                        <Loc EndOffset="2534" SrcFileId="1" StartOffset="2502"/>
                                        <Loc EndOffset="2584" SrcFileId="1" StartOffset="2552"/>
                                    </LocList>
                                    <BasicStmnt CovItemId="S19" CovItemPrefix="FareCalculator.FareCalculator.java" Intrnl_Id="109">
                                        <LocList>
                                            <Loc EndOffset="2434" SrcFileId="1" StartOffset="2403"/>
                                        </LocList>
                                    </BasicStmnt>
                                    <BasicStmnt CovItemId="S20" CovItemPrefix="FareCalculator.FareCalculator.java" Intrnl_Id="110">
                                        <LocList>
                                            <Loc EndOffset="2484" SrcFileId="1" StartOffset="2452"/>
                                        </LocList>
                                    </BasicStmnt>
                                    <BasicStmnt CovItemId="S21" CovItemPrefix="FareCalculator.FareCalculator.java" Intrnl_Id="111">
                                        <LocList>
                                            <Loc EndOffset="2534" SrcFileId="1" StartOffset="2502"/>
                                        </LocList>
                                    </BasicStmnt>
                                    <BasicStmnt CovItemId="S22" CovItemPrefix="FareCalculator.FareCalculator.java" Intrnl_Id="112">
                                        <LocList>
                                            <Loc EndOffset="2584" SrcFileId="1" StartOffset="2552"/>
                                        </LocList>
                                    </BasicStmnt>
                                </StmntSeq>
                            </HierarchyLvl>
                        </HierarchyLvl>
                        <HierarchyLvl HierarchyLvlId="248" HierarchyLvlTypeId="3" Intrnl_Id="113" Name="ActionListener">
                            <Header>
                                <Loc EndOffset="2676" SrcFileId="1" StartOffset="2660"/>
                            </Header>
                            <LocList>
                                <Loc EndOffset="2992" SrcFileId="1" StartOffset="2656"/>
                            </LocList>
                            <HierarchyLvl HierarchyLvlId="247" HierarchyLvlTypeId="4" Intrnl_Id="114" Name="actionPerformed">
                                <Header>
                                    <Loc EndOffset="2757" SrcFileId="1" StartOffset="2692"/>
                                </Header>
                                <LocList>
                                    <Loc EndOffset="2981" SrcFileId="1" StartOffset="2692"/>
                                </LocList>
                                <StmntSeq Intrnl_Id="115">
                                    <LocList>
                                        <Loc EndOffset="2810" SrcFileId="1" StartOffset="2777"/>
                                        <Loc EndOffset="2862" SrcFileId="1" StartOffset="2828"/>
                                        <Loc EndOffset="2914" SrcFileId="1" StartOffset="2880"/>
                                        <Loc EndOffset="2966" SrcFileId="1" StartOffset="2932"/>
                                    </LocList>
                                    <BasicStmnt CovItemId="S24" CovItemPrefix="FareCalculator.FareCalculator.java" Intrnl_Id="116">
                                        <LocList>
                                            <Loc EndOffset="2810" SrcFileId="1" StartOffset="2777"/>
                                        </LocList>
                                    </BasicStmnt>
                                    <BasicStmnt CovItemId="S25" CovItemPrefix="FareCalculator.FareCalculator.java" Intrnl_Id="117">
                                        <LocList>
                                            <Loc EndOffset="2862" SrcFileId="1" StartOffset="2828"/>
                                        </LocList>
                                    </BasicStmnt>
                                    <BasicStmnt CovItemId="S26" CovItemPrefix="FareCalculator.FareCalculator.java" Intrnl_Id="118">
                                        <LocList>
                                            <Loc EndOffset="2914" SrcFileId="1" StartOffset="2880"/>
                                        </LocList>
                                    </BasicStmnt>
                                    <BasicStmnt CovItemId="S27" CovItemPrefix="FareCalculator.FareCalculator.java" Intrnl_Id="119">
                                        <LocList>
                                            <Loc EndOffset="2966" SrcFileId="1" StartOffset="2932"/>
                                        </LocList>
                                    </BasicStmnt>
                                </StmntSeq>
                            </HierarchyLvl>
                        </HierarchyLvl>
                        <HierarchyLvl HierarchyLvlId="250" HierarchyLvlTypeId="3" Intrnl_Id="120" Name="ActionListener">
                            <Header>
                                <Loc EndOffset="3059" SrcFileId="1" StartOffset="3043"/>
                            </Header>
                            <LocList>
                                <Loc EndOffset="3379" SrcFileId="1" StartOffset="3039"/>
                            </LocList>
                            <HierarchyLvl HierarchyLvlId="249" HierarchyLvlTypeId="4" Intrnl_Id="121" Name="actionPerformed">
                                <Header>
                                    <Loc EndOffset="3140" SrcFileId="1" StartOffset="3075"/>
                                </Header>
                                <LocList>
                                    <Loc EndOffset="3368" SrcFileId="1" StartOffset="3075"/>
                                </LocList>
                                <StmntSeq Intrnl_Id="122">
                                    <LocList>
                                        <Loc EndOffset="3194" SrcFileId="1" StartOffset="3160"/>
                                        <Loc EndOffset="3247" SrcFileId="1" StartOffset="3212"/>
                                        <Loc EndOffset="3300" SrcFileId="1" StartOffset="3265"/>
                                        <Loc EndOffset="3353" SrcFileId="1" StartOffset="3318"/>
                                    </LocList>
                                    <BasicStmnt CovItemId="S29" CovItemPrefix="FareCalculator.FareCalculator.java" Intrnl_Id="123">
                                        <LocList>
                                            <Loc EndOffset="3194" SrcFileId="1" StartOffset="3160"/>
                                        </LocList>
                                    </BasicStmnt>
                                    <BasicStmnt CovItemId="S30" CovItemPrefix="FareCalculator.FareCalculator.java" Intrnl_Id="124">
                                        <LocList>
                                            <Loc EndOffset="3247" SrcFileId="1" StartOffset="3212"/>
                                        </LocList>
                                    </BasicStmnt>
                                    <BasicStmnt CovItemId="S31" CovItemPrefix="FareCalculator.FareCalculator.java" Intrnl_Id="125">
                                        <LocList>
                                            <Loc EndOffset="3300" SrcFileId="1" StartOffset="3265"/>
                                        </LocList>
                                    </BasicStmnt>
                                    <BasicStmnt CovItemId="S32" CovItemPrefix="FareCalculator.FareCalculator.java" Intrnl_Id="126">
                                        <LocList>
                                            <Loc EndOffset="3353" SrcFileId="1" StartOffset="3318"/>
                                        </LocList>
                                    </BasicStmnt>
                                </StmntSeq>
                            </HierarchyLvl>
                        </HierarchyLvl>
                        <HierarchyLvl HierarchyLvlId="252" HierarchyLvlTypeId="3" Intrnl_Id="127" Name="ActionListener">
                            <Header>
                                <Loc EndOffset="4665" SrcFileId="1" StartOffset="4649"/>
                            </Header>
                            <LocList>
                                <Loc EndOffset="15585" SrcFileId="1" StartOffset="4645"/>
                            </LocList>
                            <HierarchyLvl HierarchyLvlId="251" HierarchyLvlTypeId="4" Intrnl_Id="128" Name="actionPerformed">
                                <Header>
                                    <Loc EndOffset="4746" SrcFileId="1" StartOffset="4681"/>
                                </Header>
                                <LocList>
                                    <Loc EndOffset="15571" SrcFileId="1" StartOffset="4681"/>
                                </LocList>
                                <StmntSeq Intrnl_Id="129">
                                    <LocList>
                                        <Loc EndOffset="4778" SrcFileId="1" StartOffset="4766"/>
                                        <Loc EndOffset="4812" SrcFileId="1" StartOffset="4796"/>
                                        <Loc EndOffset="4846" SrcFileId="1" StartOffset="4830"/>
                                        <Loc EndOffset="15450" SrcFileId="1" StartOffset="4909"/>
                                        <Loc EndOffset="15556" SrcFileId="1" StartOffset="4882"/>
                                    </LocList>
                                    <BasicStmnt CovItemId="S60" CovItemPrefix="FareCalculator.FareCalculator.java" Intrnl_Id="130">
                                        <LocList>
                                            <Loc EndOffset="4778" SrcFileId="1" StartOffset="4766"/>
                                        </LocList>
                                    </BasicStmnt>
                                    <BasicStmnt CovItemId="S61" CovItemPrefix="FareCalculator.FareCalculator.java" Intrnl_Id="131">
                                        <LocList>
                                            <Loc EndOffset="4812" SrcFileId="1" StartOffset="4796"/>
                                        </LocList>
                                    </BasicStmnt>
                                    <BasicStmnt CovItemId="S62" CovItemPrefix="FareCalculator.FareCalculator.java" Intrnl_Id="132">
                                        <LocList>
                                            <Loc EndOffset="4846" SrcFileId="1" StartOffset="4830"/>
                                        </LocList>
                                    </BasicStmnt>
                                    <CondStmnt CovItemId="S64" CovItemPrefix="FareCalculator.FareCalculator.java" Intrnl_Id="133">
                                        <Branch CovItemId="B2" CovItemPrefix="FareCalculator.FareCalculator.java" Implct="false" Intrnl_Id="134">
                                            <Cond/>
                                            <LocList>
                                                <Loc EndOffset="5044" SrcFileId="1" StartOffset="4944"/>
                                            </LocList>
                                            <StmntSeq Intrnl_Id="135">
                                                <LocList>
                                                    <Loc EndOffset="5021" SrcFileId="1" StartOffset="4971"/>
                                                </LocList>
                                                <BasicStmnt CovItemId="S65" CovItemPrefix="FareCalculator.FareCalculator.java" Intrnl_Id="136">
                                                    <LocList>
                                                        <Loc EndOffset="5021" SrcFileId="1" StartOffset="4971"/>
                                                    </LocList>
                                                </BasicStmnt>
                                            </StmntSeq>
                                        </Branch>
                                        <Branch CovItemId="B3" CovItemPrefix="FareCalculator.FareCalculator.java" Implct="false" Intrnl_Id="137">
                                            <Cond>
                                                <Loc EndOffset="5070" SrcFileId="1" StartOffset="5066"/>
                                            </Cond>
                                            <LocList>
                                                <Loc EndOffset="15450" SrcFileId="1" StartOffset="5071"/>
                                            </LocList>
                                            <StmntSeq Intrnl_Id="138">
                                                <LocList>
                                                    <Loc EndOffset="5152" SrcFileId="1" StartOffset="5098"/>
                                                    <Loc EndOffset="15427" SrcFileId="1" StartOffset="5178"/>
                                                </LocList>
                                                <BasicStmnt CovItemId="S66" CovItemPrefix="FareCalculator.FareCalculator.java" Intrnl_Id="139">
                                                    <LocList>
                                                        <Loc EndOffset="5152" SrcFileId="1" StartOffset="5098"/>
                                                    </LocList>
                                                </BasicStmnt>
                                                <CondStmnt CovItemId="S67" CovItemPrefix="FareCalculator.FareCalculator.java" Intrnl_Id="140">
                                                    <Branch CovItemId="B4" CovItemPrefix="FareCalculator.FareCalculator.java" Implct="false" Intrnl_Id="141">
                                                        <Cond/>
                                                        <LocList>
                                                            <Loc EndOffset="15427" SrcFileId="1" StartOffset="5224"/>
                                                        </LocList>
                                                        <StmntSeq Intrnl_Id="142">
                                                            <LocList>
                                                                <Loc EndOffset="15226" SrcFileId="1" StartOffset="5251"/>
                                                                <Loc EndOffset="15299" SrcFileId="1" StartOffset="15252"/>
                                                                <Loc EndOffset="15361" SrcFileId="1" StartOffset="15325"/>
                                                                <Loc EndOffset="15400" SrcFileId="1" StartOffset="15387"/>
                                                            </LocList>
                                                            <CondStmnt CovItemId="S68" CovItemPrefix="FareCalculator.FareCalculator.java" Intrnl_Id="143">
                                                                <Branch CovItemId="B6" CovItemPrefix="FareCalculator.FareCalculator.java" Implct="false" Intrnl_Id="144">
                                                                    <Cond/>
                                                                    <LocList>
                                                                        <Loc EndOffset="7765" SrcFileId="1" StartOffset="5305"/>
                                                                    </LocList>
                                                                    <StmntSeq Intrnl_Id="145">
                                                                        <LocList>
                                                                            <Loc EndOffset="7564" SrcFileId="1" StartOffset="5336"/>
                                                                            <Loc EndOffset="7637" SrcFileId="1" StartOffset="7590"/>
                                                                            <Loc EndOffset="7699" SrcFileId="1" StartOffset="7663"/>
                                                                            <Loc EndOffset="7738" SrcFileId="1" StartOffset="7725"/>
                                                                        </LocList>
                                                                        <CondStmnt CovItemId="S69" CovItemPrefix="FareCalculator.FareCalculator.java" Intrnl_Id="146">
                                                                            <Branch CovItemId="B8" CovItemPrefix="FareCalculator.FareCalculator.java" Implct="false" Intrnl_Id="147">
                                                                                <Cond/>
                                                                                <LocList>
                                                                                    <Loc EndOffset="6055" SrcFileId="1" StartOffset="5383"/>
                                                                                </LocList>
                                                                                <StmntSeq Intrnl_Id="148">
                                                                                    <LocList>
                                                                                        <Loc EndOffset="5428" SrcFileId="1" StartOffset="5418"/>
                                                                                        <Loc EndOffset="5477" SrcFileId="1" StartOffset="5462"/>
                                                                                        <Loc EndOffset="6024" SrcFileId="1" StartOffset="5511"/>
                                                                                    </LocList>
                                                                                    <BasicStmnt CovItemId="S70" CovItemPrefix="FareCalculator.FareCalculator.java" Intrnl_Id="149">
                                                                                        <LocList>
                                                                                            <Loc EndOffset="5428" SrcFileId="1" StartOffset="5418"/>
                                                                                        </LocList>
                                                                                    </BasicStmnt>
                                                                                    <BasicStmnt CovItemId="S71" CovItemPrefix="FareCalculator.FareCalculator.java" Intrnl_Id="150">
                                                                                        <LocList>
                                                                                            <Loc EndOffset="5477" SrcFileId="1" StartOffset="5462"/>
                                                                                        </LocList>
                                                                                    </BasicStmnt>
                                                                                    <CondStmnt CovItemId="S72" CovItemPrefix="FareCalculator.FareCalculator.java" Intrnl_Id="151">
                                                                                        <Branch CovItemId="B10" CovItemPrefix="FareCalculator.FareCalculator.java" Implct="false" Intrnl_Id="152">
                                                                                            <Cond/>
                                                                                            <LocList>
                                                                                                <Loc EndOffset="5667" SrcFileId="1" StartOffset="5537"/>
                                                                                            </LocList>
                                                                                            <StmntSeq Intrnl_Id="153">
                                                                                                <LocList>
                                                                                                    <Loc EndOffset="5632" SrcFileId="1" StartOffset="5576"/>
                                                                                                </LocList>
                                                                                                <BasicStmnt CovItemId="S73" CovItemPrefix="FareCalculator.FareCalculator.java" Intrnl_Id="154">
                                                                                                    <LocList>
                                                                                                        <Loc EndOffset="5632" SrcFileId="1" StartOffset="5576"/>
                                                                                                    </LocList>
                                                                                                </BasicStmnt>
                                                                                            </StmntSeq>
                                                                                        </Branch>
                                                                                        <Branch CovItemId="B11" CovItemPrefix="FareCalculator.FareCalculator.java" Implct="false" Intrnl_Id="155">
                                                                                            <Cond>
                                                                                                <Loc EndOffset="5705" SrcFileId="1" StartOffset="5701"/>
                                                                                            </Cond>
                                                                                            <LocList>
                                                                                                <Loc EndOffset="6024" SrcFileId="1" StartOffset="5706"/>
                                                                                            </LocList>
                                                                                            <StmntSeq Intrnl_Id="156">
                                                                                                <LocList>
                                                                                                    <Loc EndOffset="6024" SrcFileId="1" StartOffset="5706"/>
                                                                                                </LocList>
                                                                                                <CondStmnt CovItemId="S74" CovItemPrefix="FareCalculator.FareCalculator.java" Intrnl_Id="157">
                                                                                                    <Branch CovItemId="B12" CovItemPrefix="FareCalculator.FareCalculator.java" Implct="false" Intrnl_Id="158">
                                                                                                        <Cond/>
                                                                                                        <LocList>
                                                                                                            <Loc EndOffset="5861" SrcFileId="1" StartOffset="5727"/>
                                                                                                        </LocList>
                                                                                                        <StmntSeq Intrnl_Id="159">
                                                                                                            <LocList>
                                                                                                                <Loc EndOffset="5826" SrcFileId="1" StartOffset="5766"/>
                                                                                                            </LocList>
                                                                                                            <BasicStmnt CovItemId="S75" CovItemPrefix="FareCalculator.FareCalculator.java" Intrnl_Id="160">
                                                                                                                <LocList>
                                                                                                                    <Loc EndOffset="5826" SrcFileId="1" StartOffset="5766"/>
                                                                                                                </LocList>
                                                                                                            </BasicStmnt>
                                                                                                        </StmntSeq>
                                                                                                    </Branch>
                                                                                                    <Branch CovItemId="B13" CovItemPrefix="FareCalculator.FareCalculator.java" Implct="false" Intrnl_Id="161">
                                                                                                        <Cond>
                                                                                                            <Loc EndOffset="5899" SrcFileId="1" StartOffset="5895"/>
                                                                                                        </Cond>
                                                                                                        <LocList>
                                                                                                            <Loc EndOffset="6024" SrcFileId="1" StartOffset="5900"/>
                                                                                                        </LocList>
                                                                                                        <StmntSeq Intrnl_Id="162">
                                                                                                            <LocList>
                                                                                                                <Loc EndOffset="5989" SrcFileId="1" StartOffset="5939"/>
                                                                                                            </LocList>
                                                                                                            <BasicStmnt CovItemId="S76" CovItemPrefix="FareCalculator.FareCalculator.java" Intrnl_Id="163">
                                                                                                                <LocList>
                                                                                                                    <Loc EndOffset="5989" SrcFileId="1" StartOffset="5939"/>
                                                                                                                </LocList>
                                                                                                            </BasicStmnt>
                                                                                                        </StmntSeq>
                                                                                                    </Branch>
                                                                                                    <Keyword EndOffset="5708" SrcFileId="1" StartOffset="5706"/>
                                                                                                    <LocList>
                                                                                                        <Loc EndOffset="6024" SrcFileId="1" StartOffset="5706"/>
                                                                                                    </LocList>
                                                                                                    <RootTerm CovItemId="C6" CovItemPrefix="FareCalculator.FareCalculator.java" Intrnl_Id="164">
                                                                                                        <BasicBoolTerm Intrnl_Id="165">
                                                                                                            <LocList>
                                                                                                                <Loc EndOffset="5725" SrcFileId="1" StartOffset="5710"/>
                                                                                                            </LocList>
                                                                                                        </BasicBoolTerm>
                                                                                                    </RootTerm>
                                                                                                </CondStmnt>
                                                                                            </StmntSeq>
                                                                                        </Branch>
                                                                                        <Keyword EndOffset="5513" SrcFileId="1" StartOffset="5511"/>
                                                                                        <LocList>
                                                                                            <Loc EndOffset="6024" SrcFileId="1" StartOffset="5511"/>
                                                                                        </LocList>
                                                                                        <RootTerm CovItemId="C5" CovItemPrefix="FareCalculator.FareCalculator.java" Intrnl_Id="166">
                                                                                            <BasicBoolTerm Intrnl_Id="167">
                                                                                                <LocList>
                                                                                                    <Loc EndOffset="5535" SrcFileId="1" StartOffset="5515"/>
                                                                                                </LocList>
                                                                                            </BasicBoolTerm>
                                                                                        </RootTerm>
                                                                                    </CondStmnt>
                                                                                </StmntSeq>
                                                                            </Branch>
                                                                            <Branch CovItemId="B9" CovItemPrefix="FareCalculator.FareCalculator.java" Implct="false" Intrnl_Id="168">
                                                                                <Cond>
                                                                                    <Loc EndOffset="6089" SrcFileId="1" StartOffset="6085"/>
                                                                                </Cond>
                                                                                <LocList>
                                                                                    <Loc EndOffset="7564" SrcFileId="1" StartOffset="6090"/>
                                                                                </LocList>
                                                                                <StmntSeq Intrnl_Id="169">
                                                                                    <LocList>
                                                                                        <Loc EndOffset="7564" SrcFileId="1" StartOffset="6090"/>
                                                                                    </LocList>
                                                                                    <CondStmnt CovItemId="S77" CovItemPrefix="FareCalculator.FareCalculator.java" Intrnl_Id="170">
                                                                                        <Branch CovItemId="B14" CovItemPrefix="FareCalculator.FareCalculator.java" Implct="false" Intrnl_Id="171">
                                                                                            <Cond/>
                                                                                            <LocList>
                                                                                                <Loc EndOffset="6810" SrcFileId="1" StartOffset="6138"/>
                                                                                            </LocList>
                                                                                            <StmntSeq Intrnl_Id="172">
                                                                                                <LocList>
                                                                                                    <Loc EndOffset="6183" SrcFileId="1" StartOffset="6173"/>
                                                                                                    <Loc EndOffset="6232" SrcFileId="1" StartOffset="6217"/>
                                                                                                    <Loc EndOffset="6779" SrcFileId="1" StartOffset="6266"/>
                                                                                                </LocList>
                                                                                                <BasicStmnt CovItemId="S78" CovItemPrefix="FareCalculator.FareCalculator.java" Intrnl_Id="173">
                                                                                                    <LocList>
                                                                                                        <Loc EndOffset="6183" SrcFileId="1" StartOffset="6173"/>
                                                                                                    </LocList>
                                                                                                </BasicStmnt>
                                                                                                <BasicStmnt CovItemId="S79" CovItemPrefix="FareCalculator.FareCalculator.java" Intrnl_Id="174">
                                                                                                    <LocList>
                                                                                                        <Loc EndOffset="6232" SrcFileId="1" StartOffset="6217"/>
                                                                                                    </LocList>
                                                                                                </BasicStmnt>
                                                                                                <CondStmnt CovItemId="S80" CovItemPrefix="FareCalculator.FareCalculator.java" Intrnl_Id="175">
                                                                                                    <Branch CovItemId="B16" CovItemPrefix="FareCalculator.FareCalculator.java" Implct="false" Intrnl_Id="176">
                                                                                                        <Cond/>
                                                                                                        <LocList>
                                                                                                            <Loc EndOffset="6422" SrcFileId="1" StartOffset="6292"/>
                                                                                                        </LocList>
                                                                                                        <StmntSeq Intrnl_Id="177">
                                                                                                            <LocList>
                                                                                                                <Loc EndOffset="6387" SrcFileId="1" StartOffset="6331"/>
                                                                                                            </LocList>
                                                                                                            <BasicStmnt CovItemId="S81" CovItemPrefix="FareCalculator.FareCalculator.java" Intrnl_Id="178">
                                                                                                                <LocList>
                                                                                                                    <Loc EndOffset="6387" SrcFileId="1" StartOffset="6331"/>
                                                                                                                </LocList>
                                                                                                            </BasicStmnt>
                                                                                                        </StmntSeq>
                                                                                                    </Branch>
                                                                                                    <Branch CovItemId="B17" CovItemPrefix="FareCalculator.FareCalculator.java" Implct="false" Intrnl_Id="179">
                                                                                                        <Cond>
                                                                                                            <Loc EndOffset="6460" SrcFileId="1" StartOffset="6456"/>
                                                                                                        </Cond>
                                                                                                        <LocList>
                                                                                                            <Loc EndOffset="6779" SrcFileId="1" StartOffset="6461"/>
                                                                                                        </LocList>
                                                                                                        <StmntSeq Intrnl_Id="180">
                                                                                                            <LocList>
                                                                                                                <Loc EndOffset="6779" SrcFileId="1" StartOffset="6461"/>
                                                                                                            </LocList>
                                                                                                            <CondStmnt CovItemId="S82" CovItemPrefix="FareCalculator.FareCalculator.java" Intrnl_Id="181">
                                                                                                                <Branch CovItemId="B18" CovItemPrefix="FareCalculator.FareCalculator.java" Implct="false" Intrnl_Id="182">
                                                                                                                    <Cond/>
                                                                                                                    <LocList>
                                                                                                                        <Loc EndOffset="6616" SrcFileId="1" StartOffset="6482"/>
                                                                                                                    </LocList>
                                                                                                                    <StmntSeq Intrnl_Id="183">
                                                                                                                        <LocList>
                                                                                                                            <Loc EndOffset="6581" SrcFileId="1" StartOffset="6521"/>
                                                                                                                        </LocList>
                                                                                                                        <BasicStmnt CovItemId="S83" CovItemPrefix="FareCalculator.FareCalculator.java" Intrnl_Id="184">
                                                                                                                            <LocList>
                                                                                                                                <Loc EndOffset="6581" SrcFileId="1" StartOffset="6521"/>
                                                                                                                            </LocList>
                                                                                                                        </BasicStmnt>
                                                                                                                    </StmntSeq>
                                                                                                                </Branch>
                                                                                                                <Branch CovItemId="B19" CovItemPrefix="FareCalculator.FareCalculator.java" Implct="false" Intrnl_Id="185">
                                                                                                                    <Cond>
                                                                                                                        <Loc EndOffset="6654" SrcFileId="1" StartOffset="6650"/>
                                                                                                                    </Cond>
                                                                                                                    <LocList>
                                                                                                                        <Loc EndOffset="6779" SrcFileId="1" StartOffset="6655"/>
                                                                                                                    </LocList>
                                                                                                                    <StmntSeq Intrnl_Id="186">
                                                                                                                        <LocList>
                                                                                                                            <Loc EndOffset="6744" SrcFileId="1" StartOffset="6694"/>
                                                                                                                        </LocList>
                                                                                                                        <BasicStmnt CovItemId="S84" CovItemPrefix="FareCalculator.FareCalculator.java" Intrnl_Id="187">
                                                                                                                            <LocList>
                                                                                                                                <Loc EndOffset="6744" SrcFileId="1" StartOffset="6694"/>
                                                                                                                            </LocList>
                                                                                                                        </BasicStmnt>
                                                                                                                    </StmntSeq>
                                                                                                                </Branch>
                                                                                                                <Keyword EndOffset="6463" SrcFileId="1" StartOffset="6461"/>
                                                                                                                <LocList>
                                                                                                                    <Loc EndOffset="6779" SrcFileId="1" StartOffset="6461"/>
                                                                                                                </LocList>
                                                                                                                <RootTerm CovItemId="C9" CovItemPrefix="FareCalculator.FareCalculator.java" Intrnl_Id="188">
                                                                                                                    <BasicBoolTerm Intrnl_Id="189">
                                                                                                                        <LocList>
                                                                                                                            <Loc EndOffset="6480" SrcFileId="1" StartOffset="6465"/>
                                                                                                                        </LocList>
                                                                                                                    </BasicBoolTerm>
                                                                                                                </RootTerm>
                                                                                                            </CondStmnt>
                                                                                                        </StmntSeq>
                                                                                                    </Branch>
                                                                                                    <Keyword EndOffset="6268" SrcFileId="1" StartOffset="6266"/>
                                                                                                    <LocList>
                                                                                                        <Loc EndOffset="6779" SrcFileId="1" StartOffset="6266"/>
                                                                                                    </LocList>
                                                                                                    <RootTerm CovItemId="C8" CovItemPrefix="FareCalculator.FareCalculator.java" Intrnl_Id="190">
                                                                                                        <BasicBoolTerm Intrnl_Id="191">
                                                                                                            <LocList>
                                                                                                                <Loc EndOffset="6290" SrcFileId="1" StartOffset="6270"/>
                                                                                                            </LocList>
                                                                                                        </BasicBoolTerm>
                                                                                                    </RootTerm>
                                                                                                </CondStmnt>
                                                                                            </StmntSeq>
                                                                                        </Branch>
                                                                                        <Branch CovItemId="B15" CovItemPrefix="FareCalculator.FareCalculator.java" Implct="false" Intrnl_Id="192">
                                                                                            <Cond>
                                                                                                <Loc EndOffset="6844" SrcFileId="1" StartOffset="6840"/>
                                                                                            </Cond>
                                                                                            <LocList>
                                                                                                <Loc EndOffset="7564" SrcFileId="1" StartOffset="6845"/>
                                                                                            </LocList>
                                                                                            <StmntSeq Intrnl_Id="193">
                                                                                                <LocList>
                                                                                                    <Loc EndOffset="7564" SrcFileId="1" StartOffset="6845"/>
                                                                                                </LocList>
                                                                                                <CondStmnt CovItemId="S85" CovItemPrefix="FareCalculator.FareCalculator.java" Intrnl_Id="194">
                                                                                                    <Branch CovItemId="B20" CovItemPrefix="FareCalculator.FareCalculator.java" Implct="false" Intrnl_Id="195">
                                                                                                        <Cond/>
                                                                                                        <LocList>
                                                                                                            <Loc EndOffset="7564" SrcFileId="1" StartOffset="6893"/>
                                                                                                        </LocList>
                                                                                                        <StmntSeq Intrnl_Id="196">
                                                                                                            <LocList>
                                                                                                                <Loc EndOffset="6938" SrcFileId="1" StartOffset="6928"/>
                                                                                                                <Loc EndOffset="6986" SrcFileId="1" StartOffset="6972"/>
                                                                                                                <Loc EndOffset="7533" SrcFileId="1" StartOffset="7020"/>
                                                                                                            </LocList>
                                                                                                            <BasicStmnt CovItemId="S86" CovItemPrefix="FareCalculator.FareCalculator.java" Intrnl_Id="197">
                                                                                                                <LocList>
                                                                                                                    <Loc EndOffset="6938" SrcFileId="1" StartOffset="6928"/>
                                                                                                                </LocList>
                                                                                                            </BasicStmnt>
                                                                                                            <BasicStmnt CovItemId="S87" CovItemPrefix="FareCalculator.FareCalculator.java" Intrnl_Id="198">
                                                                                                                <LocList>
                                                                                                                    <Loc EndOffset="6986" SrcFileId="1" StartOffset="6972"/>
                                                                                                                </LocList>
                                                                                                            </BasicStmnt>
                                                                                                            <CondStmnt CovItemId="S88" CovItemPrefix="FareCalculator.FareCalculator.java" Intrnl_Id="199">
                                                                                                                <Branch CovItemId="B22" CovItemPrefix="FareCalculator.FareCalculator.java" Implct="false" Intrnl_Id="200">
                                                                                                                    <Cond/>
                                                                                                                    <LocList>
                                                                                                                        <Loc EndOffset="7176" SrcFileId="1" StartOffset="7046"/>
                                                                                                                    </LocList>
                                                                                                                    <StmntSeq Intrnl_Id="201">
                                                                                                                        <LocList>
                                                                                                                            <Loc EndOffset="7141" SrcFileId="1" StartOffset="7085"/>
                                                                                                                        </LocList>
                                                                                                                        <BasicStmnt CovItemId="S89" CovItemPrefix="FareCalculator.FareCalculator.java" Intrnl_Id="202">
                                                                                                                            <LocList>
                                                                                                                                <Loc EndOffset="7141" SrcFileId="1" StartOffset="7085"/>
                                                                                                                            </LocList>
                                                                                                                        </BasicStmnt>
                                                                                                                    </StmntSeq>
                                                                                                                </Branch>
                                                                                                                <Branch CovItemId="B23" CovItemPrefix="FareCalculator.FareCalculator.java" Implct="false" Intrnl_Id="203">
                                                                                                                    <Cond>
                                                                                                                        <Loc EndOffset="7214" SrcFileId="1" StartOffset="7210"/>
                                                                                                                    </Cond>
                                                                                                                    <LocList>
                                                                                                                        <Loc EndOffset="7533" SrcFileId="1" StartOffset="7215"/>
                                                                                                                    </LocList>
                                                                                                                    <StmntSeq Intrnl_Id="204">
                                                                                                                        <LocList>
                                                                                                                            <Loc EndOffset="7533" SrcFileId="1" StartOffset="7215"/>
                                                                                                                        </LocList>
                                                                                                                        <CondStmnt CovItemId="S90" CovItemPrefix="FareCalculator.FareCalculator.java" Intrnl_Id="205">
                                                                                                                            <Branch CovItemId="B24" CovItemPrefix="FareCalculator.FareCalculator.java" Implct="false" Intrnl_Id="206">
                                                                                                                                <Cond/>
                                                                                                                                <LocList>
                                                                                                                                    <Loc EndOffset="7370" SrcFileId="1" StartOffset="7236"/>
                                                                                                                                </LocList>
                                                                                                                                <StmntSeq Intrnl_Id="207">
                                                                                                                                    <LocList>
                                                                                                                                        <Loc EndOffset="7335" SrcFileId="1" StartOffset="7275"/>
                                                                                                                                    </LocList>
                                                                                                                                    <BasicStmnt CovItemId="S91" CovItemPrefix="FareCalculator.FareCalculator.java" Intrnl_Id="208">
                                                                                                                                        <LocList>
                                                                                                                                            <Loc EndOffset="7335" SrcFileId="1" StartOffset="7275"/>
                                                                                                                                        </LocList>
                                                                                                                                    </BasicStmnt>
                                                                                                                                </StmntSeq>
                                                                                                                            </Branch>
                                                                                                                            <Branch CovItemId="B25" CovItemPrefix="FareCalculator.FareCalculator.java" Implct="false" Intrnl_Id="209">
                                                                                                                                <Cond>
                                                                                                                                    <Loc EndOffset="7408" SrcFileId="1" StartOffset="7404"/>
                                                                                                                                </Cond>
                                                                                                                                <LocList>
                                                                                                                                    <Loc EndOffset="7533" SrcFileId="1" StartOffset="7409"/>
                                                                                                                                </LocList>
                                                                                                                                <StmntSeq Intrnl_Id="210">
                                                                                                                                    <LocList>
                                                                                                                                        <Loc EndOffset="7498" SrcFileId="1" StartOffset="7448"/>
                                                                                                                                    </LocList>
                                                                                                                                    <BasicStmnt CovItemId="S92" CovItemPrefix="FareCalculator.FareCalculator.java" Intrnl_Id="211">
                                                                                                                                        <LocList>
                                                                                                                                            <Loc EndOffset="7498" SrcFileId="1" StartOffset="7448"/>
                                                                                                                                        </LocList>
                                                                                                                                    </BasicStmnt>
                                                                                                                                </StmntSeq>
                                                                                                                            </Branch>
                                                                                                                            <Keyword EndOffset="7217" SrcFileId="1" StartOffset="7215"/>
                                                                                                                            <LocList>
                                                                                                                                <Loc EndOffset="7533" SrcFileId="1" StartOffset="7215"/>
                                                                                                                            </LocList>
                                                                                                                            <RootTerm CovItemId="C12" CovItemPrefix="FareCalculator.FareCalculator.java" Intrnl_Id="212">
                                                                                                                                <BasicBoolTerm Intrnl_Id="213">
                                                                                                                                    <LocList>
                                                                                                                                        <Loc EndOffset="7234" SrcFileId="1" StartOffset="7219"/>
                                                                                                                                    </LocList>
                                                                                                                                </BasicBoolTerm>
                                                                                                                            </RootTerm>
                                                                                                                        </CondStmnt>
                                                                                                                    </StmntSeq>
                                                                                                                </Branch>
                                                                                                                <Keyword EndOffset="7022" SrcFileId="1" StartOffset="7020"/>
                                                                                                                <LocList>
                                                                                                                    <Loc EndOffset="7533" SrcFileId="1" StartOffset="7020"/>
                                                                                                                </LocList>
                                                                                                                <RootTerm CovItemId="C11" CovItemPrefix="FareCalculator.FareCalculator.java" Intrnl_Id="214">
                                                                                                                    <BasicBoolTerm Intrnl_Id="215">
                                                                                                                        <LocList>
                                                                                                                            <Loc EndOffset="7044" SrcFileId="1" StartOffset="7024"/>
                                                                                                                        </LocList>
                                                                                                                    </BasicBoolTerm>
                                                                                                                </RootTerm>
                                                                                                            </CondStmnt>
                                                                                                        </StmntSeq>
                                                                                                    </Branch>
                                                                                                    <Branch CovItemId="B21" CovItemPrefix="FareCalculator.FareCalculator.java" Implct="true" Intrnl_Id="216">
                                                                                                        <Cond/>
                                                                                                        <LocList/>
                                                                                                        <StmntSeq Intrnl_Id="217">
                                                                                                            <LocList/>
                                                                                                        </StmntSeq>
                                                                                                    </Branch>
                                                                                                    <Keyword EndOffset="6847" SrcFileId="1" StartOffset="6845"/>
                                                                                                    <LocList>
                                                                                                        <Loc EndOffset="7564" SrcFileId="1" StartOffset="6845"/>
                                                                                                    </LocList>
                                                                                                    <RootTerm CovItemId="C10" CovItemPrefix="FareCalculator.FareCalculator.java" Intrnl_Id="218">
                                                                                                        <BasicBoolTerm Intrnl_Id="219">
                                                                                                            <LocList>
                                                                                                                <Loc EndOffset="6891" SrcFileId="1" StartOffset="6849"/>
                                                                                                            </LocList>
                                                                                                        </BasicBoolTerm>
                                                                                                    </RootTerm>
                                                                                                </CondStmnt>
                                                                                            </StmntSeq>
                                                                                        </Branch>
                                                                                        <Keyword EndOffset="6092" SrcFileId="1" StartOffset="6090"/>
                                                                                        <LocList>
                                                                                            <Loc EndOffset="7564" SrcFileId="1" StartOffset="6090"/>
                                                                                        </LocList>
                                                                                        <RootTerm CovItemId="C7" CovItemPrefix="FareCalculator.FareCalculator.java" Intrnl_Id="220">
                                                                                            <BasicBoolTerm Intrnl_Id="221">
                                                                                                <LocList>
                                                                                                    <Loc EndOffset="6136" SrcFileId="1" StartOffset="6094"/>
                                                                                                </LocList>
                                                                                            </BasicBoolTerm>
                                                                                        </RootTerm>
                                                                                    </CondStmnt>
                                                                                </StmntSeq>
                                                                            </Branch>
                                                                            <Keyword EndOffset="5338" SrcFileId="1" StartOffset="5336"/>
                                                                            <LocList>
                                                                                <Loc EndOffset="7564" SrcFileId="1" StartOffset="5336"/>
                                                                            </LocList>
                                                                            <RootTerm CovItemId="C4" CovItemPrefix="FareCalculator.FareCalculator.java" Intrnl_Id="222">
                                                                                <BasicBoolTerm Intrnl_Id="223">
                                                                                    <LocList>
                                                                                        <Loc EndOffset="5381" SrcFileId="1" StartOffset="5340"/>
                                                                                    </LocList>
                                                                                </BasicBoolTerm>
                                                                            </RootTerm>
                                                                        </CondStmnt>
                                                                        <BasicStmnt CovItemId="S93" CovItemPrefix="FareCalculator.FareCalculator.java" Intrnl_Id="224">
                                                                            <LocList>
                                                                                <Loc EndOffset="7637" SrcFileId="1" StartOffset="7590"/>
                                                                            </LocList>
                                                                        </BasicStmnt>
                                                                        <BasicStmnt CovItemId="S94" CovItemPrefix="FareCalculator.FareCalculator.java" Intrnl_Id="225">
                                                                            <LocList>
                                                                                <Loc EndOffset="7699" SrcFileId="1" StartOffset="7663"/>
                                                                            </LocList>
                                                                        </BasicStmnt>
                                                                        <BasicStmnt CovItemId="S95" CovItemPrefix="FareCalculator.FareCalculator.java" Intrnl_Id="226">
                                                                            <LocList>
                                                                                <Loc EndOffset="7738" SrcFileId="1" StartOffset="7725"/>
                                                                            </LocList>
                                                                        </BasicStmnt>
                                                                    </StmntSeq>
                                                                </Branch>
                                                                <Branch CovItemId="B7" CovItemPrefix="FareCalculator.FareCalculator.java" Implct="false" Intrnl_Id="227">
                                                                    <Cond>
                                                                        <Loc EndOffset="7821" SrcFileId="1" StartOffset="7817"/>
                                                                    </Cond>
                                                                    <LocList>
                                                                        <Loc EndOffset="15226" SrcFileId="1" StartOffset="7822"/>
                                                                    </LocList>
                                                                    <StmntSeq Intrnl_Id="228">
                                                                        <LocList>
                                                                            <Loc EndOffset="15226" SrcFileId="1" StartOffset="7822"/>
                                                                        </LocList>
                                                                        <CondStmnt CovItemId="S96" CovItemPrefix="FareCalculator.FareCalculator.java" Intrnl_Id="229">
                                                                            <Branch CovItemId="B26" CovItemPrefix="FareCalculator.FareCalculator.java" Implct="false" Intrnl_Id="230">
                                                                                <Cond/>
                                                                                <LocList>
                                                                                    <Loc EndOffset="10163" SrcFileId="1" StartOffset="7877"/>
                                                                                </LocList>
                                                                                <StmntSeq Intrnl_Id="231">
                                                                                    <LocList>
                                                                                        <Loc EndOffset="10136" SrcFileId="1" StartOffset="7908"/>
                                                                                    </LocList>
                                                                                    <CondStmnt CovItemId="S97" CovItemPrefix="FareCalculator.FareCalculator.java" Intrnl_Id="232">
                                                                                        <Branch CovItemId="B28" CovItemPrefix="FareCalculator.FareCalculator.java" Implct="false" Intrnl_Id="233">
                                                                                            <Cond/>
                                                                                            <LocList>
                                                                                                <Loc EndOffset="8627" SrcFileId="1" StartOffset="7955"/>
                                                                                            </LocList>
                                                                                            <StmntSeq Intrnl_Id="234">
                                                                                                <LocList>
                                                                                                    <Loc EndOffset="8000" SrcFileId="1" StartOffset="7990"/>
                                                                                                    <Loc EndOffset="8049" SrcFileId="1" StartOffset="8034"/>
                                                                                                    <Loc EndOffset="8596" SrcFileId="1" StartOffset="8083"/>
                                                                                                </LocList>
                                                                                                <BasicStmnt CovItemId="S98" CovItemPrefix="FareCalculator.FareCalculator.java" Intrnl_Id="235">
                                                                                                    <LocList>
                                                                                                        <Loc EndOffset="8000" SrcFileId="1" StartOffset="7990"/>
                                                                                                    </LocList>
                                                                                                </BasicStmnt>
                                                                                                <BasicStmnt CovItemId="S99" CovItemPrefix="FareCalculator.FareCalculator.java" Intrnl_Id="236">
                                                                                                    <LocList>
                                                                                                        <Loc EndOffset="8049" SrcFileId="1" StartOffset="8034"/>
                                                                                                    </LocList>
                                                                                                </BasicStmnt>
                                                                                                <CondStmnt CovItemId="S100" CovItemPrefix="FareCalculator.FareCalculator.java" Intrnl_Id="237">
                                                                                                    <Branch CovItemId="B30" CovItemPrefix="FareCalculator.FareCalculator.java" Implct="false" Intrnl_Id="238">
                                                                                                        <Cond/>
                                                                                                        <LocList>
                                                                                                            <Loc EndOffset="8239" SrcFileId="1" StartOffset="8109"/>
                                                                                                        </LocList>
                                                                                                        <StmntSeq Intrnl_Id="239">
                                                                                                            <LocList>
                                                                                                                <Loc EndOffset="8204" SrcFileId="1" StartOffset="8148"/>
                                                                                                            </LocList>
                                                                                                            <BasicStmnt CovItemId="S101" CovItemPrefix="FareCalculator.FareCalculator.java" Intrnl_Id="240">
                                                                                                                <LocList>
                                                                                                                    <Loc EndOffset="8204" SrcFileId="1" StartOffset="8148"/>
                                                                                                                </LocList>
                                                                                                            </BasicStmnt>
                                                                                                        </StmntSeq>
                                                                                                    </Branch>
                                                                                                    <Branch CovItemId="B31" CovItemPrefix="FareCalculator.FareCalculator.java" Implct="false" Intrnl_Id="241">
                                                                                                        <Cond>
                                                                                                            <Loc EndOffset="8277" SrcFileId="1" StartOffset="8273"/>
                                                                                                        </Cond>
                                                                                                        <LocList>
                                                                                                            <Loc EndOffset="8596" SrcFileId="1" StartOffset="8278"/>
                                                                                                        </LocList>
                                                                                                        <StmntSeq Intrnl_Id="242">
                                                                                                            <LocList>
                                                                                                                <Loc EndOffset="8596" SrcFileId="1" StartOffset="8278"/>
                                                                                                            </LocList>
                                                                                                            <CondStmnt CovItemId="S102" CovItemPrefix="FareCalculator.FareCalculator.java" Intrnl_Id="243">
                                                                                                                <Branch CovItemId="B32" CovItemPrefix="FareCalculator.FareCalculator.java" Implct="false" Intrnl_Id="244">
                                                                                                                    <Cond/>
                                                                                                                    <LocList>
                                                                                                                        <Loc EndOffset="8433" SrcFileId="1" StartOffset="8299"/>
                                                                                                                    </LocList>
                                                                                                                    <StmntSeq Intrnl_Id="245">
                                                                                                                        <LocList>
                                                                                                                            <Loc EndOffset="8398" SrcFileId="1" StartOffset="8338"/>
                                                                                                                        </LocList>
                                                                                                                        <BasicStmnt CovItemId="S103" CovItemPrefix="FareCalculator.FareCalculator.java" Intrnl_Id="246">
                                                                                                                            <LocList>
                                                                                                                                <Loc EndOffset="8398" SrcFileId="1" StartOffset="8338"/>
                                                                                                                            </LocList>
                                                                                                                        </BasicStmnt>
                                                                                                                    </StmntSeq>
                                                                                                                </Branch>
                                                                                                                <Branch CovItemId="B33" CovItemPrefix="FareCalculator.FareCalculator.java" Implct="false" Intrnl_Id="247">
                                                                                                                    <Cond>
                                                                                                                        <Loc EndOffset="8471" SrcFileId="1" StartOffset="8467"/>
                                                                                                                    </Cond>
                                                                                                                    <LocList>
                                                                                                                        <Loc EndOffset="8596" SrcFileId="1" StartOffset="8472"/>
                                                                                                                    </LocList>
                                                                                                                    <StmntSeq Intrnl_Id="248">
                                                                                                                        <LocList>
                                                                                                                            <Loc EndOffset="8561" SrcFileId="1" StartOffset="8511"/>
                                                                                                                        </LocList>
                                                                                                                        <BasicStmnt CovItemId="S104" CovItemPrefix="FareCalculator.FareCalculator.java" Intrnl_Id="249">
                                                                                                                            <LocList>
                                                                                                                                <Loc EndOffset="8561" SrcFileId="1" StartOffset="8511"/>
                                                                                                                            </LocList>
                                                                                                                        </BasicStmnt>
                                                                                                                    </StmntSeq>
                                                                                                                </Branch>
                                                                                                                <Keyword EndOffset="8280" SrcFileId="1" StartOffset="8278"/>
                                                                                                                <LocList>
                                                                                                                    <Loc EndOffset="8596" SrcFileId="1" StartOffset="8278"/>
                                                                                                                </LocList>
                                                                                                                <RootTerm CovItemId="C16" CovItemPrefix="FareCalculator.FareCalculator.java" Intrnl_Id="250">
                                                                                                                    <BasicBoolTerm Intrnl_Id="251">
                                                                                                                        <LocList>
                                                                                                                            <Loc EndOffset="8297" SrcFileId="1" StartOffset="8282"/>
                                                                                                                        </LocList>
                                                                                                                    </BasicBoolTerm>
                                                                                                                </RootTerm>
                                                                                                            </CondStmnt>
                                                                                                        </StmntSeq>
                                                                                                    </Branch>
                                                                                                    <Keyword EndOffset="8085" SrcFileId="1" StartOffset="8083"/>
                                                                                                    <LocList>
                                                                                                        <Loc EndOffset="8596" SrcFileId="1" StartOffset="8083"/>
                                                                                                    </LocList>
                                                                                                    <RootTerm CovItemId="C15" CovItemPrefix="FareCalculator.FareCalculator.java" Intrnl_Id="252">
                                                                                                        <BasicBoolTerm Intrnl_Id="253">
                                                                                                            <LocList>
                                                                                                                <Loc EndOffset="8107" SrcFileId="1" StartOffset="8087"/>
                                                                                                            </LocList>
                                                                                                        </BasicBoolTerm>
                                                                                                    </RootTerm>
                                                                                                </CondStmnt>
                                                                                            </StmntSeq>
                                                                                        </Branch>
                                                                                        <Branch CovItemId="B29" CovItemPrefix="FareCalculator.FareCalculator.java" Implct="false" Intrnl_Id="254">
                                                                                            <Cond>
                                                                                                <Loc EndOffset="8661" SrcFileId="1" StartOffset="8657"/>
                                                                                            </Cond>
                                                                                            <LocList>
                                                                                                <Loc EndOffset="10136" SrcFileId="1" StartOffset="8662"/>
                                                                                            </LocList>
                                                                                            <StmntSeq Intrnl_Id="255">
                                                                                                <LocList>
                                                                                                    <Loc EndOffset="10136" SrcFileId="1" StartOffset="8662"/>
                                                                                                </LocList>
                                                                                                <CondStmnt CovItemId="S105" CovItemPrefix="FareCalculator.FareCalculator.java" Intrnl_Id="256">
                                                                                                    <Branch CovItemId="B34" CovItemPrefix="FareCalculator.FareCalculator.java" Implct="false" Intrnl_Id="257">
                                                                                                        <Cond/>
                                                                                                        <LocList>
                                                                                                            <Loc EndOffset="9382" SrcFileId="1" StartOffset="8710"/>
                                                                                                        </LocList>
                                                                                                        <StmntSeq Intrnl_Id="258">
                                                                                                            <LocList>
                                                                                                                <Loc EndOffset="8755" SrcFileId="1" StartOffset="8745"/>
                                                                                                                <Loc EndOffset="8804" SrcFileId="1" StartOffset="8789"/>
                                                                                                                <Loc EndOffset="9351" SrcFileId="1" StartOffset="8838"/>
                                                                                                            </LocList>
                                                                                                            <BasicStmnt CovItemId="S106" CovItemPrefix="FareCalculator.FareCalculator.java" Intrnl_Id="259">
                                                                                                                <LocList>
                                                                                                                    <Loc EndOffset="8755" SrcFileId="1" StartOffset="8745"/>
                                                                                                                </LocList>
                                                                                                            </BasicStmnt>
                                                                                                            <BasicStmnt CovItemId="S107" CovItemPrefix="FareCalculator.FareCalculator.java" Intrnl_Id="260">
                                                                                                                <LocList>
                                                                                                                    <Loc EndOffset="8804" SrcFileId="1" StartOffset="8789"/>
                                                                                                                </LocList>
                                                                                                            </BasicStmnt>
                                                                                                            <CondStmnt CovItemId="S108" CovItemPrefix="FareCalculator.FareCalculator.java" Intrnl_Id="261">
                                                                                                                <Branch CovItemId="B36" CovItemPrefix="FareCalculator.FareCalculator.java" Implct="false" Intrnl_Id="262">
                                                                                                                    <Cond/>
                                                                                                                    <LocList>
                                                                                                                        <Loc EndOffset="8994" SrcFileId="1" StartOffset="8864"/>
                                                                                                                    </LocList>
                                                                                                                    <StmntSeq Intrnl_Id="263">
                                                                                                                        <LocList>
                                                                                                                            <Loc EndOffset="8959" SrcFileId="1" StartOffset="8903"/>
                                                                                                                        </LocList>
                                                                                                                        <BasicStmnt CovItemId="S109" CovItemPrefix="FareCalculator.FareCalculator.java" Intrnl_Id="264">
                                                                                                                            <LocList>
                                                                                                                                <Loc EndOffset="8959" SrcFileId="1" StartOffset="8903"/>
                                                                                                                            </LocList>
                                                                                                                        </BasicStmnt>
                                                                                                                    </StmntSeq>
                                                                                                                </Branch>
                                                                                                                <Branch CovItemId="B37" CovItemPrefix="FareCalculator.FareCalculator.java" Implct="false" Intrnl_Id="265">
                                                                                                                    <Cond>
                                                                                                                        <Loc EndOffset="9032" SrcFileId="1" StartOffset="9028"/>
                                                                                                                    </Cond>
                                                                                                                    <LocList>
                                                                                                                        <Loc EndOffset="9351" SrcFileId="1" StartOffset="9033"/>
                                                                                                                    </LocList>
                                                                                                                    <StmntSeq Intrnl_Id="266">
                                                                                                                        <LocList>
                                                                                                                            <Loc EndOffset="9351" SrcFileId="1" StartOffset="9033"/>
                                                                                                                        </LocList>
                                                                                                                        <CondStmnt CovItemId="S110" CovItemPrefix="FareCalculator.FareCalculator.java" Intrnl_Id="267">
                                                                                                                            <Branch CovItemId="B38" CovItemPrefix="FareCalculator.FareCalculator.java" Implct="false" Intrnl_Id="268">
                                                                                                                                <Cond/>
                                                                                                                                <LocList>
                                                                                                                                    <Loc EndOffset="9188" SrcFileId="1" StartOffset="9054"/>
                                                                                                                                </LocList>
                                                                                                                                <StmntSeq Intrnl_Id="269">
                                                                                                                                    <LocList>
                                                                                                                                        <Loc EndOffset="9153" SrcFileId="1" StartOffset="9093"/>
                                                                                                                                    </LocList>
                                                                                                                                    <BasicStmnt CovItemId="S111" CovItemPrefix="FareCalculator.FareCalculator.java" Intrnl_Id="270">
                                                                                                                                        <LocList>
                                                                                                                                            <Loc EndOffset="9153" SrcFileId="1" StartOffset="9093"/>
                                                                                                                                        </LocList>
                                                                                                                                    </BasicStmnt>
                                                                                                                                </StmntSeq>
                                                                                                                            </Branch>
                                                                                                                            <Branch CovItemId="B39" CovItemPrefix="FareCalculator.FareCalculator.java" Implct="false" Intrnl_Id="271">
                                                                                                                                <Cond>
                                                                                                                                    <Loc EndOffset="9226" SrcFileId="1" StartOffset="9222"/>
                                                                                                                                </Cond>
                                                                                                                                <LocList>
                                                                                                                                    <Loc EndOffset="9351" SrcFileId="1" StartOffset="9227"/>
                                                                                                                                </LocList>
                                                                                                                                <StmntSeq Intrnl_Id="272">
                                                                                                                                    <LocList>
                                                                                                                                        <Loc EndOffset="9316" SrcFileId="1" StartOffset="9266"/>
                                                                                                                                    </LocList>
                                                                                                                                    <BasicStmnt CovItemId="S112" CovItemPrefix="FareCalculator.FareCalculator.java" Intrnl_Id="273">
                                                                                                                                        <LocList>
                                                                                                                                            <Loc EndOffset="9316" SrcFileId="1" StartOffset="9266"/>
                                                                                                                                        </LocList>
                                                                                                                                    </BasicStmnt>
                                                                                                                                </StmntSeq>
                                                                                                                            </Branch>
                                                                                                                            <Keyword EndOffset="9035" SrcFileId="1" StartOffset="9033"/>
                                                                                                                            <LocList>
                                                                                                                                <Loc EndOffset="9351" SrcFileId="1" StartOffset="9033"/>
                                                                                                                            </LocList>
                                                                                                                            <RootTerm CovItemId="C19" CovItemPrefix="FareCalculator.FareCalculator.java" Intrnl_Id="274">
                                                                                                                                <BasicBoolTerm Intrnl_Id="275">
                                                                                                                                    <LocList>
                                                                                                                                        <Loc EndOffset="9052" SrcFileId="1" StartOffset="9037"/>
                                                                                                                                    </LocList>
                                                                                                                                </BasicBoolTerm>
                                                                                                                            </RootTerm>
                                                                                                                        </CondStmnt>
                                                                                                                    </StmntSeq>
                                                                                                                </Branch>
                                                                                                                <Keyword EndOffset="8840" SrcFileId="1" StartOffset="8838"/>
                                                                                                                <LocList>
                                                                                                                    <Loc EndOffset="9351" SrcFileId="1" StartOffset="8838"/>
                                                                                                                </LocList>
                                                                                                                <RootTerm CovItemId="C18" CovItemPrefix="FareCalculator.FareCalculator.java" Intrnl_Id="276">
                                                                                                                    <BasicBoolTerm Intrnl_Id="277">
                                                                                                                        <LocList>
                                                                                                                            <Loc EndOffset="8862" SrcFileId="1" StartOffset="8842"/>
                                                                                                                        </LocList>
                                                                                                                    </BasicBoolTerm>
                                                                                                                </RootTerm>
                                                                                                            </CondStmnt>
                                                                                                        </StmntSeq>
                                                                                                    </Branch>
                                                                                                    <Branch CovItemId="B35" CovItemPrefix="FareCalculator.FareCalculator.java" Implct="false" Intrnl_Id="278">
                                                                                                        <Cond>
                                                                                                            <Loc EndOffset="9416" SrcFileId="1" StartOffset="9412"/>
                                                                                                        </Cond>
                                                                                                        <LocList>
                                                                                                            <Loc EndOffset="10136" SrcFileId="1" StartOffset="9417"/>
                                                                                                        </LocList>
                                                                                                        <StmntSeq Intrnl_Id="279">
                                                                                                            <LocList>
                                                                                                                <Loc EndOffset="10136" SrcFileId="1" StartOffset="9417"/>
                                                                                                            </LocList>
                                                                                                            <CondStmnt CovItemId="S113" CovItemPrefix="FareCalculator.FareCalculator.java" Intrnl_Id="280">
                                                                                                                <Branch CovItemId="B40" CovItemPrefix="FareCalculator.FareCalculator.java" Implct="false" Intrnl_Id="281">
                                                                                                                    <Cond/>
                                                                                                                    <LocList>
                                                                                                                        <Loc EndOffset="10136" SrcFileId="1" StartOffset="9465"/>
                                                                                                                    </LocList>
                                                                                                                    <StmntSeq Intrnl_Id="282">
                                                                                                                        <LocList>
                                                                                                                            <Loc EndOffset="9510" SrcFileId="1" StartOffset="9500"/>
                                                                                                                            <Loc EndOffset="9558" SrcFileId="1" StartOffset="9544"/>
                                                                                                                            <Loc EndOffset="10105" SrcFileId="1" StartOffset="9592"/>
                                                                                                                        </LocList>
                                                                                                                        <BasicStmnt CovItemId="S114" CovItemPrefix="FareCalculator.FareCalculator.java" Intrnl_Id="283">
                                                                                                                            <LocList>
                                                                                                                                <Loc EndOffset="9510" SrcFileId="1" StartOffset="9500"/>
                                                                                                                            </LocList>
                                                                                                                        </BasicStmnt>
                                                                                                                        <BasicStmnt CovItemId="S115" CovItemPrefix="FareCalculator.FareCalculator.java" Intrnl_Id="284">
                                                                                                                            <LocList>
                                                                                                                                <Loc EndOffset="9558" SrcFileId="1" StartOffset="9544"/>
                                                                                                                            </LocList>
                                                                                                                        </BasicStmnt>
                                                                                                                        <CondStmnt CovItemId="S116" CovItemPrefix="FareCalculator.FareCalculator.java" Intrnl_Id="285">
                                                                                                                            <Branch CovItemId="B42" CovItemPrefix="FareCalculator.FareCalculator.java" Implct="false" Intrnl_Id="286">
                                                                                                                                <Cond/>
                                                                                                                                <LocList>
                                                                                                                                    <Loc EndOffset="9748" SrcFileId="1" StartOffset="9618"/>
                                                                                                                                </LocList>
                                                                                                                                <StmntSeq Intrnl_Id="287">
                                                                                                                                    <LocList>
                                                                                                                                        <Loc EndOffset="9713" SrcFileId="1" StartOffset="9657"/>
                                                                                                                                    </LocList>
                                                                                                                                    <BasicStmnt CovItemId="S117" CovItemPrefix="FareCalculator.FareCalculator.java" Intrnl_Id="288">
                                                                                                                                        <LocList>
                                                                                                                                            <Loc EndOffset="9713" SrcFileId="1" StartOffset="9657"/>
                                                                                                                                        </LocList>
                                                                                                                                    </BasicStmnt>
                                                                                                                                </StmntSeq>
                                                                                                                            </Branch>
                                                                                                                            <Branch CovItemId="B43" CovItemPrefix="FareCalculator.FareCalculator.java" Implct="false" Intrnl_Id="289">
                                                                                                                                <Cond>
                                                                                                                                    <Loc EndOffset="9786" SrcFileId="1" StartOffset="9782"/>
                                                                                                                                </Cond>
                                                                                                                                <LocList>
                                                                                                                                    <Loc EndOffset="10105" SrcFileId="1" StartOffset="9787"/>
                                                                                                                                </LocList>
                                                                                                                                <StmntSeq Intrnl_Id="290">
                                                                                                                                    <LocList>
                                                                                                                                        <Loc EndOffset="10105" SrcFileId="1" StartOffset="9787"/>
                                                                                                                                    </LocList>
                                                                                                                                    <CondStmnt CovItemId="S118" CovItemPrefix="FareCalculator.FareCalculator.java" Intrnl_Id="291">
                                                                                                                                        <Branch CovItemId="B44" CovItemPrefix="FareCalculator.FareCalculator.java" Implct="false" Intrnl_Id="292">
                                                                                                                                            <Cond/>
                                                                                                                                            <LocList>
                                                                                                                                                <Loc EndOffset="9942" SrcFileId="1" StartOffset="9808"/>
                                                                                                                                            </LocList>
                                                                                                                                            <StmntSeq Intrnl_Id="293">
                                                                                                                                                <LocList>
                                                                                                                                                    <Loc EndOffset="9907" SrcFileId="1" StartOffset="9847"/>
                                                                                                                                                </LocList>
                                                                                                                                                <BasicStmnt CovItemId="S119" CovItemPrefix="FareCalculator.FareCalculator.java" Intrnl_Id="294">
                                                                                                                                                    <LocList>
                                                                                                                                                        <Loc EndOffset="9907" SrcFileId="1" StartOffset="9847"/>
                                                                                                                                                    </LocList>
                                                                                                                                                </BasicStmnt>
                                                                                                                                            </StmntSeq>
                                                                                                                                        </Branch>
                                                                                                                                        <Branch CovItemId="B45" CovItemPrefix="FareCalculator.FareCalculator.java" Implct="false" Intrnl_Id="295">
                                                                                                                                            <Cond>
                                                                                                                                                <Loc EndOffset="9980" SrcFileId="1" StartOffset="9976"/>
                                                                                                                                            </Cond>
                                                                                                                                            <LocList>
                                                                                                                                                <Loc EndOffset="10105" SrcFileId="1" StartOffset="9981"/>
                                                                                                                                            </LocList>
                                                                                                                                            <StmntSeq Intrnl_Id="296">
                                                                                                                                                <LocList>
                                                                                                                                                    <Loc EndOffset="10070" SrcFileId="1" StartOffset="10020"/>
                                                                                                                                                </LocList>
                                                                                                                                                <BasicStmnt CovItemId="S120" CovItemPrefix="FareCalculator.FareCalculator.java" Intrnl_Id="297">
                                                                                                                                                    <LocList>
                                                                                                                                                        <Loc EndOffset="10070" SrcFileId="1" StartOffset="10020"/>
                                                                                                                                                    </LocList>
                                                                                                                                                </BasicStmnt>
                                                                                                                                            </StmntSeq>
                                                                                                                                        </Branch>
                                                                                                                                        <Keyword EndOffset="9789" SrcFileId="1" StartOffset="9787"/>
                                                                                                                                        <LocList>
                                                                                                                                            <Loc EndOffset="10105" SrcFileId="1" StartOffset="9787"/>
                                                                                                                                        </LocList>
                                                                                                                                        <RootTerm CovItemId="C22" CovItemPrefix="FareCalculator.FareCalculator.java" Intrnl_Id="298">
                                                                                                                                            <BasicBoolTerm Intrnl_Id="299">
                                                                                                                                                <LocList>
                                                                                                                                                    <Loc EndOffset="9806" SrcFileId="1" StartOffset="9791"/>
                                                                                                                                                </LocList>
                                                                                                                                            </BasicBoolTerm>
                                                                                                                                        </RootTerm>
                                                                                                                                    </CondStmnt>
                                                                                                                                </StmntSeq>
                                                                                                                            </Branch>
                                                                                                                            <Keyword EndOffset="9594" SrcFileId="1" StartOffset="9592"/>
                                                                                                                            <LocList>
                                                                                                                                <Loc EndOffset="10105" SrcFileId="1" StartOffset="9592"/>
                                                                                                                            </LocList>
                                                                                                                            <RootTerm CovItemId="C21" CovItemPrefix="FareCalculator.FareCalculator.java" Intrnl_Id="300">
                                                                                                                                <BasicBoolTerm Intrnl_Id="301">
                                                                                                                                    <LocList>
                                                                                                                                        <Loc EndOffset="9616" SrcFileId="1" StartOffset="9596"/>
                                                                                                                                    </LocList>
                                                                                                                                </BasicBoolTerm>
                                                                                                                            </RootTerm>
                                                                                                                        </CondStmnt>
                                                                                                                    </StmntSeq>
                                                                                                                </Branch>
                                                                                                                <Branch CovItemId="B41" CovItemPrefix="FareCalculator.FareCalculator.java" Implct="true" Intrnl_Id="302">
                                                                                                                    <Cond/>
                                                                                                                    <LocList/>
                                                                                                                    <StmntSeq Intrnl_Id="303">
                                                                                                                        <LocList/>
                                                                                                                    </StmntSeq>
                                                                                                                </Branch>
                                                                                                                <Keyword EndOffset="9419" SrcFileId="1" StartOffset="9417"/>
                                                                                                                <LocList>
                                                                                                                    <Loc EndOffset="10136" SrcFileId="1" StartOffset="9417"/>
                                                                                                                </LocList>
                                                                                                                <RootTerm CovItemId="C20" CovItemPrefix="FareCalculator.FareCalculator.java" Intrnl_Id="304">
                                                                                                                    <BasicBoolTerm Intrnl_Id="305">
                                                                                                                        <LocList>
                                                                                                                            <Loc EndOffset="9463" SrcFileId="1" StartOffset="9421"/>
                                                                                                                        </LocList>
                                                                                                                    </BasicBoolTerm>
                                                                                                                </RootTerm>
                                                                                                            </CondStmnt>
                                                                                                        </StmntSeq>
                                                                                                    </Branch>
                                                                                                    <Keyword EndOffset="8664" SrcFileId="1" StartOffset="8662"/>
                                                                                                    <LocList>
                                                                                                        <Loc EndOffset="10136" SrcFileId="1" StartOffset="8662"/>
                                                                                                    </LocList>
                                                                                                    <RootTerm CovItemId="C17" CovItemPrefix="FareCalculator.FareCalculator.java" Intrnl_Id="306">
                                                                                                        <BasicBoolTerm Intrnl_Id="307">
                                                                                                            <LocList>
                                                                                                                <Loc EndOffset="8708" SrcFileId="1" StartOffset="8666"/>
                                                                                                            </LocList>
                                                                                                        </BasicBoolTerm>
                                                                                                    </RootTerm>
                                                                                                </CondStmnt>
                                                                                            </StmntSeq>
                                                                                        </Branch>
                                                                                        <Keyword EndOffset="7910" SrcFileId="1" StartOffset="7908"/>
                                                                                        <LocList>
                                                                                            <Loc EndOffset="10136" SrcFileId="1" StartOffset="7908"/>
                                                                                        </LocList>
                                                                                        <RootTerm CovItemId="C14" CovItemPrefix="FareCalculator.FareCalculator.java" Intrnl_Id="308">
                                                                                            <BasicBoolTerm Intrnl_Id="309">
                                                                                                <LocList>
                                                                                                    <Loc EndOffset="7953" SrcFileId="1" StartOffset="7912"/>
                                                                                                </LocList>
                                                                                            </BasicBoolTerm>
                                                                                        </RootTerm>
                                                                                    </CondStmnt>
                                                                                </StmntSeq>
                                                                            </Branch>
                                                                            <Branch CovItemId="B27" CovItemPrefix="FareCalculator.FareCalculator.java" Implct="false" Intrnl_Id="310">
                                                                                <Cond>
                                                                                    <Loc EndOffset="10193" SrcFileId="1" StartOffset="10189"/>
                                                                                </Cond>
                                                                                <LocList>
                                                                                    <Loc EndOffset="15226" SrcFileId="1" StartOffset="10194"/>
                                                                                </LocList>
                                                                                <StmntSeq Intrnl_Id="311">
                                                                                    <LocList>
                                                                                        <Loc EndOffset="15226" SrcFileId="1" StartOffset="10194"/>
                                                                                    </LocList>
                                                                                    <CondStmnt CovItemId="S121" CovItemPrefix="FareCalculator.FareCalculator.java" Intrnl_Id="312">
                                                                                        <Branch CovItemId="B46" CovItemPrefix="FareCalculator.FareCalculator.java" Implct="false" Intrnl_Id="313">
                                                                                            <Cond/>
                                                                                            <LocList>
                                                                                                <Loc EndOffset="15226" SrcFileId="1" StartOffset="10284"/>
                                                                                            </LocList>
                                                                                            <StmntSeq Intrnl_Id="314">
                                                                                                <LocList>
                                                                                                    <Loc EndOffset="15226" SrcFileId="1" StartOffset="10284"/>
                                                                                                </LocList>
                                                                                                <CondStmnt CovItemId="S122" CovItemPrefix="FareCalculator.FareCalculator.java" Intrnl_Id="315">
                                                                                                    <Branch CovItemId="B48" CovItemPrefix="FareCalculator.FareCalculator.java" Implct="false" Intrnl_Id="316">
                                                                                                        <Cond/>
                                                                                                        <LocList>
                                                                                                            <Loc EndOffset="12799" SrcFileId="1" StartOffset="10339"/>
                                                                                                        </LocList>
                                                                                                        <StmntSeq Intrnl_Id="317">
                                                                                                            <LocList>
                                                                                                                <Loc EndOffset="12598" SrcFileId="1" StartOffset="10370"/>
                                                                                                                <Loc EndOffset="12671" SrcFileId="1" StartOffset="12624"/>
                                                                                                                <Loc EndOffset="12733" SrcFileId="1" StartOffset="12697"/>
                                                                                                                <Loc EndOffset="12772" SrcFileId="1" StartOffset="12759"/>
                                                                                                            </LocList>
                                                                                                            <CondStmnt CovItemId="S123" CovItemPrefix="FareCalculator.FareCalculator.java" Intrnl_Id="318">
                                                                                                                <Branch CovItemId="B50" CovItemPrefix="FareCalculator.FareCalculator.java" Implct="false" Intrnl_Id="319">
                                                                                                                    <Cond/>
                                                                                                                    <LocList>
                                                                                                                        <Loc EndOffset="11089" SrcFileId="1" StartOffset="10417"/>
                                                                                                                    </LocList>
                                                                                                                    <StmntSeq Intrnl_Id="320">
                                                                                                                        <LocList>
                                                                                                                            <Loc EndOffset="10462" SrcFileId="1" StartOffset="10452"/>
                                                                                                                            <Loc EndOffset="10511" SrcFileId="1" StartOffset="10496"/>
                                                                                                                            <Loc EndOffset="11058" SrcFileId="1" StartOffset="10545"/>
                                                                                                                        </LocList>
                                                                                                                        <BasicStmnt CovItemId="S124" CovItemPrefix="FareCalculator.FareCalculator.java" Intrnl_Id="321">
                                                                                                                            <LocList>
                                                                                                                                <Loc EndOffset="10462" SrcFileId="1" StartOffset="10452"/>
                                                                                                                            </LocList>
                                                                                                                        </BasicStmnt>
                                                                                                                        <BasicStmnt CovItemId="S125" CovItemPrefix="FareCalculator.FareCalculator.java" Intrnl_Id="322">
                                                                                                                            <LocList>
                                                                                                                                <Loc EndOffset="10511" SrcFileId="1" StartOffset="10496"/>
                                                                                                                            </LocList>
                                                                                                                        </BasicStmnt>
                                                                                                                        <CondStmnt CovItemId="S126" CovItemPrefix="FareCalculator.FareCalculator.java" Intrnl_Id="323">
                                                                                                                            <Branch CovItemId="B52" CovItemPrefix="FareCalculator.FareCalculator.java" Implct="false" Intrnl_Id="324">
                                                                                                                                <Cond/>
                                                                                                                                <LocList>
                                                                                                                                    <Loc EndOffset="10701" SrcFileId="1" StartOffset="10571"/>
                                                                                                                                </LocList>
                                                                                                                                <StmntSeq Intrnl_Id="325">
                                                                                                                                    <LocList>
                                                                                                                                        <Loc EndOffset="10666" SrcFileId="1" StartOffset="10610"/>
                                                                                                                                    </LocList>
                                                                                                                                    <BasicStmnt CovItemId="S127" CovItemPrefix="FareCalculator.FareCalculator.java" Intrnl_Id="326">
                                                                                                                                        <LocList>
                                                                                                                                            <Loc EndOffset="10666" SrcFileId="1" StartOffset="10610"/>
                                                                                                                                        </LocList>
                                                                                                                                    </BasicStmnt>
                                                                                                                                </StmntSeq>
                                                                                                                            </Branch>
                                                                                                                            <Branch CovItemId="B53" CovItemPrefix="FareCalculator.FareCalculator.java" Implct="false" Intrnl_Id="327">
                                                                                                                                <Cond>
                                                                                                                                    <Loc EndOffset="10739" SrcFileId="1" StartOffset="10735"/>
                                                                                                                                </Cond>
                                                                                                                                <LocList>
                                                                                                                                    <Loc EndOffset="11058" SrcFileId="1" StartOffset="10740"/>
                                                                                                                                </LocList>
                                                                                                                                <StmntSeq Intrnl_Id="328">
                                                                                                                                    <LocList>
                                                                                                                                        <Loc EndOffset="11058" SrcFileId="1" StartOffset="10740"/>
                                                                                                                                    </LocList>
                                                                                                                                    <CondStmnt CovItemId="S128" CovItemPrefix="FareCalculator.FareCalculator.java" Intrnl_Id="329">
                                                                                                                                        <Branch CovItemId="B54" CovItemPrefix="FareCalculator.FareCalculator.java" Implct="false" Intrnl_Id="330">
                                                                                                                                            <Cond/>
                                                                                                                                            <LocList>
                                                                                                                                                <Loc EndOffset="10895" SrcFileId="1" StartOffset="10761"/>
                                                                                                                                            </LocList>
                                                                                                                                            <StmntSeq Intrnl_Id="331">
                                                                                                                                                <LocList>
                                                                                                                                                    <Loc EndOffset="10860" SrcFileId="1" StartOffset="10800"/>
                                                                                                                                                </LocList>
                                                                                                                                                <BasicStmnt CovItemId="S129" CovItemPrefix="FareCalculator.FareCalculator.java" Intrnl_Id="332">
                                                                                                                                                    <LocList>
                                                                                                                                                        <Loc EndOffset="10860" SrcFileId="1" StartOffset="10800"/>
                                                                                                                                                    </LocList>
                                                                                                                                                </BasicStmnt>
                                                                                                                                            </StmntSeq>
                                                                                                                                        </Branch>
                                                                                                                                        <Branch CovItemId="B55" CovItemPrefix="FareCalculator.FareCalculator.java" Implct="false" Intrnl_Id="333">
                                                                                                                                            <Cond>
                                                                                                                                                <Loc EndOffset="10933" SrcFileId="1" StartOffset="10929"/>
                                                                                                                                            </Cond>
                                                                                                                                            <LocList>
                                                                                                                                                <Loc EndOffset="11058" SrcFileId="1" StartOffset="10934"/>
                                                                                                                                            </LocList>
                                                                                                                                            <StmntSeq Intrnl_Id="334">
                                                                                                                                                <LocList>
                                                                                                                                                    <Loc EndOffset="11023" SrcFileId="1" StartOffset="10973"/>
                                                                                                                                                </LocList>
                                                                                                                                                <BasicStmnt CovItemId="S130" CovItemPrefix="FareCalculator.FareCalculator.java" Intrnl_Id="335">
                                                                                                                                                    <LocList>
                                                                                                                                                        <Loc EndOffset="11023" SrcFileId="1" StartOffset="10973"/>
                                                                                                                                                    </LocList>
                                                                                                                                                </BasicStmnt>
                                                                                                                                            </StmntSeq>
                                                                                                                                        </Branch>
                                                                                                                                        <Keyword EndOffset="10742" SrcFileId="1" StartOffset="10740"/>
                                                                                                                                        <LocList>
                                                                                                                                            <Loc EndOffset="11058" SrcFileId="1" StartOffset="10740"/>
                                                                                                                                        </LocList>
                                                                                                                                        <RootTerm CovItemId="C27" CovItemPrefix="FareCalculator.FareCalculator.java" Intrnl_Id="336">
                                                                                                                                            <BasicBoolTerm Intrnl_Id="337">
                                                                                                                                                <LocList>
                                                                                                                                                    <Loc EndOffset="10759" SrcFileId="1" StartOffset="10744"/>
                                                                                                                                                </LocList>
                                                                                                                                            </BasicBoolTerm>
                                                                                                                                        </RootTerm>
                                                                                                                                    </CondStmnt>
                                                                                                                                </StmntSeq>
                                                                                                                            </Branch>
                                                                                                                            <Keyword EndOffset="10547" SrcFileId="1" StartOffset="10545"/>
                                                                                                                            <LocList>
                                                                                                                                <Loc EndOffset="11058" SrcFileId="1" StartOffset="10545"/>
                                                                                                                            </LocList>
                                                                                                                            <RootTerm CovItemId="C26" CovItemPrefix="FareCalculator.FareCalculator.java" Intrnl_Id="338">
                                                                                                                                <BasicBoolTerm Intrnl_Id="339">
                                                                                                                                    <LocList>
                                                                                                                                        <Loc EndOffset="10569" SrcFileId="1" StartOffset="10549"/>
                                                                                                                                    </LocList>
                                                                                                                                </BasicBoolTerm>
                                                                                                                            </RootTerm>
                                                                                                                        </CondStmnt>
                                                                                                                    </StmntSeq>
                                                                                                                </Branch>
                                                                                                                <Branch CovItemId="B51" CovItemPrefix="FareCalculator.FareCalculator.java" Implct="false" Intrnl_Id="340">
                                                                                                                    <Cond>
                                                                                                                        <Loc EndOffset="11123" SrcFileId="1" StartOffset="11119"/>
                                                                                                                    </Cond>
                                                                                                                    <LocList>
                                                                                                                        <Loc EndOffset="12598" SrcFileId="1" StartOffset="11124"/>
                                                                                                                    </LocList>
                                                                                                                    <StmntSeq Intrnl_Id="341">
                                                                                                                        <LocList>
                                                                                                                            <Loc EndOffset="12598" SrcFileId="1" StartOffset="11124"/>
                                                                                                                        </LocList>
                                                                                                                        <CondStmnt CovItemId="S131" CovItemPrefix="FareCalculator.FareCalculator.java" Intrnl_Id="342">
                                                                                                                            <Branch CovItemId="B56" CovItemPrefix="FareCalculator.FareCalculator.java" Implct="false" Intrnl_Id="343">
                                                                                                                                <Cond/>
                                                                                                                                <LocList>
                                                                                                                                    <Loc EndOffset="11844" SrcFileId="1" StartOffset="11172"/>
                                                                                                                                </LocList>
                                                                                                                                <StmntSeq Intrnl_Id="344">
                                                                                                                                    <LocList>
                                                                                                                                        <Loc EndOffset="11217" SrcFileId="1" StartOffset="11207"/>
                                                                                                                                        <Loc EndOffset="11266" SrcFileId="1" StartOffset="11251"/>
                                                                                                                                        <Loc EndOffset="11813" SrcFileId="1" StartOffset="11300"/>
                                                                                                                                    </LocList>
                                                                                                                                    <BasicStmnt CovItemId="S132" CovItemPrefix="FareCalculator.FareCalculator.java" Intrnl_Id="345">
                                                                                                                                        <LocList>
                                                                                                                                            <Loc EndOffset="11217" SrcFileId="1" StartOffset="11207"/>
                                                                                                                                        </LocList>
                                                                                                                                    </BasicStmnt>
                                                                                                                                    <BasicStmnt CovItemId="S133" CovItemPrefix="FareCalculator.FareCalculator.java" Intrnl_Id="346">
                                                                                                                                        <LocList>
                                                                                                                                            <Loc EndOffset="11266" SrcFileId="1" StartOffset="11251"/>
                                                                                                                                        </LocList>
                                                                                                                                    </BasicStmnt>
                                                                                                                                    <CondStmnt CovItemId="S134" CovItemPrefix="FareCalculator.FareCalculator.java" Intrnl_Id="347">
                                                                                                                                        <Branch CovItemId="B58" CovItemPrefix="FareCalculator.FareCalculator.java" Implct="false" Intrnl_Id="348">
                                                                                                                                            <Cond/>
                                                                                                                                            <LocList>
                                                                                                                                                <Loc EndOffset="11456" SrcFileId="1" StartOffset="11326"/>
                                                                                                                                            </LocList>
                                                                                                                                            <StmntSeq Intrnl_Id="349">
                                                                                                                                                <LocList>
                                                                                                                                                    <Loc EndOffset="11421" SrcFileId="1" StartOffset="11365"/>
                                                                                                                                                </LocList>
                                                                                                                                                <BasicStmnt CovItemId="S135" CovItemPrefix="FareCalculator.FareCalculator.java" Intrnl_Id="350">
                                                                                                                                                    <LocList>
                                                                                                                                                        <Loc EndOffset="11421" SrcFileId="1" StartOffset="11365"/>
                                                                                                                                                    </LocList>
                                                                                                                                                </BasicStmnt>
                                                                                                                                            </StmntSeq>
                                                                                                                                        </Branch>
                                                                                                                                        <Branch CovItemId="B59" CovItemPrefix="FareCalculator.FareCalculator.java" Implct="false" Intrnl_Id="351">
                                                                                                                                            <Cond>
                                                                                                                                                <Loc EndOffset="11494" SrcFileId="1" StartOffset="11490"/>
                                                                                                                                            </Cond>
                                                                                                                                            <LocList>
                                                                                                                                                <Loc EndOffset="11813" SrcFileId="1" StartOffset="11495"/>
                                                                                                                                            </LocList>
                                                                                                                                            <StmntSeq Intrnl_Id="352">
                                                                                                                                                <LocList>
                                                                                                                                                    <Loc EndOffset="11813" SrcFileId="1" StartOffset="11495"/>
                                                                                                                                                </LocList>
                                                                                                                                                <CondStmnt CovItemId="S136" CovItemPrefix="FareCalculator.FareCalculator.java" Intrnl_Id="353">
                                                                                                                                                    <Branch CovItemId="B60" CovItemPrefix="FareCalculator.FareCalculator.java" Implct="false" Intrnl_Id="354">
                                                                                                                                                        <Cond/>
                                                                                                                                                        <LocList>
                                                                                                                                                            <Loc EndOffset="11650" SrcFileId="1" StartOffset="11516"/>
                                                                                                                                                        </LocList>
                                                                                                                                                        <StmntSeq Intrnl_Id="355">
                                                                                                                                                            <LocList>
                                                                                                                                                                <Loc EndOffset="11615" SrcFileId="1" StartOffset="11555"/>
                                                                                                                                                            </LocList>
                                                                                                                                                            <BasicStmnt CovItemId="S137" CovItemPrefix="FareCalculator.FareCalculator.java" Intrnl_Id="356">
                                                                                                                                                                <LocList>
                                                                                                                                                                    <Loc EndOffset="11615" SrcFileId="1" StartOffset="11555"/>
                                                                                                                                                                </LocList>
                                                                                                                                                            </BasicStmnt>
                                                                                                                                                        </StmntSeq>
                                                                                                                                                    </Branch>
                                                                                                                                                    <Branch CovItemId="B61" CovItemPrefix="FareCalculator.FareCalculator.java" Implct="false" Intrnl_Id="357">
                                                                                                                                                        <Cond>
                                                                                                                                                            <Loc EndOffset="11688" SrcFileId="1" StartOffset="11684"/>
                                                                                                                                                        </Cond>
                                                                                                                                                        <LocList>
                                                                                                                                                            <Loc EndOffset="11813" SrcFileId="1" StartOffset="11689"/>
                                                                                                                                                        </LocList>
                                                                                                                                                        <StmntSeq Intrnl_Id="358">
                                                                                                                                                            <LocList>
                                                                                                                                                                <Loc EndOffset="11778" SrcFileId="1" StartOffset="11728"/>
                                                                                                                                                            </LocList>
                                                                                                                                                            <BasicStmnt CovItemId="S138" CovItemPrefix="FareCalculator.FareCalculator.java" Intrnl_Id="359">
                                                                                                                                                                <LocList>
                                                                                                                                                                    <Loc EndOffset="11778" SrcFileId="1" StartOffset="11728"/>
                                                                                                                                                                </LocList>
                                                                                                                                                            </BasicStmnt>
                                                                                                                                                        </StmntSeq>
                                                                                                                                                    </Branch>
                                                                                                                                                    <Keyword EndOffset="11497" SrcFileId="1" StartOffset="11495"/>
                                                                                                                                                    <LocList>
                                                                                                                                                        <Loc EndOffset="11813" SrcFileId="1" StartOffset="11495"/>
                                                                                                                                                    </LocList>
                                                                                                                                                    <RootTerm CovItemId="C30" CovItemPrefix="FareCalculator.FareCalculator.java" Intrnl_Id="360">
                                                                                                                                                        <BasicBoolTerm Intrnl_Id="361">
                                                                                                                                                            <LocList>
                                                                                                                                                                <Loc EndOffset="11514" SrcFileId="1" StartOffset="11499"/>
                                                                                                                                                            </LocList>
                                                                                                                                                        </BasicBoolTerm>
                                                                                                                                                    </RootTerm>
                                                                                                                                                </CondStmnt>
                                                                                                                                            </StmntSeq>
                                                                                                                                        </Branch>
                                                                                                                                        <Keyword EndOffset="11302" SrcFileId="1" StartOffset="11300"/>
                                                                                                                                        <LocList>
                                                                                                                                            <Loc EndOffset="11813" SrcFileId="1" StartOffset="11300"/>
                                                                                                                                        </LocList>
                                                                                                                                        <RootTerm CovItemId="C29" CovItemPrefix="FareCalculator.FareCalculator.java" Intrnl_Id="362">
                                                                                                                                            <BasicBoolTerm Intrnl_Id="363">
                                                                                                                                                <LocList>
                                                                                                                                                    <Loc EndOffset="11324" SrcFileId="1" StartOffset="11304"/>
                                                                                                                                                </LocList>
                                                                                                                                            </BasicBoolTerm>
                                                                                                                                        </RootTerm>
                                                                                                                                    </CondStmnt>
                                                                                                                                </StmntSeq>
                                                                                                                            </Branch>
                                                                                                                            <Branch CovItemId="B57" CovItemPrefix="FareCalculator.FareCalculator.java" Implct="false" Intrnl_Id="364">
                                                                                                                                <Cond>
                                                                                                                                    <Loc EndOffset="11878" SrcFileId="1" StartOffset="11874"/>
                                                                                                                                </Cond>
                                                                                                                                <LocList>
                                                                                                                                    <Loc EndOffset="12598" SrcFileId="1" StartOffset="11879"/>
                                                                                                                                </LocList>
                                                                                                                                <StmntSeq Intrnl_Id="365">
                                                                                                                                    <LocList>
                                                                                                                                        <Loc EndOffset="12598" SrcFileId="1" StartOffset="11879"/>
                                                                                                                                    </LocList>
                                                                                                                                    <CondStmnt CovItemId="S139" CovItemPrefix="FareCalculator.FareCalculator.java" Intrnl_Id="366">
                                                                                                                                        <Branch CovItemId="B62" CovItemPrefix="FareCalculator.FareCalculator.java" Implct="false" Intrnl_Id="367">
                                                                                                                                            <Cond/>
                                                                                                                                            <LocList>
                                                                                                                                                <Loc EndOffset="12598" SrcFileId="1" StartOffset="11927"/>
                                                                                                                                            </LocList>
                                                                                                                                            <StmntSeq Intrnl_Id="368">
                                                                                                                                                <LocList>
                                                                                                                                                    <Loc EndOffset="11972" SrcFileId="1" StartOffset="11962"/>
                                                                                                                                                    <Loc EndOffset="12020" SrcFileId="1" StartOffset="12006"/>
                                                                                                                                                    <Loc EndOffset="12567" SrcFileId="1" StartOffset="12054"/>
                                                                                                                                                </LocList>
                                                                                                                                                <BasicStmnt CovItemId="S140" CovItemPrefix="FareCalculator.FareCalculator.java" Intrnl_Id="369">
                                                                                                                                                    <LocList>
                                                                                                                                                        <Loc EndOffset="11972" SrcFileId="1" StartOffset="11962"/>
                                                                                                                                                    </LocList>
                                                                                                                                                </BasicStmnt>
                                                                                                                                                <BasicStmnt CovItemId="S141" CovItemPrefix="FareCalculator.FareCalculator.java" Intrnl_Id="370">
                                                                                                                                                    <LocList>
                                                                                                                                                        <Loc EndOffset="12020" SrcFileId="1" StartOffset="12006"/>
                                                                                                                                                    </LocList>
                                                                                                                                                </BasicStmnt>
                                                                                                                                                <CondStmnt CovItemId="S142" CovItemPrefix="FareCalculator.FareCalculator.java" Intrnl_Id="371">
                                                                                                                                                    <Branch CovItemId="B64" CovItemPrefix="FareCalculator.FareCalculator.java" Implct="false" Intrnl_Id="372">
                                                                                                                                                        <Cond/>
                                                                                                                                                        <LocList>
                                                                                                                                                            <Loc EndOffset="12210" SrcFileId="1" StartOffset="12080"/>
                                                                                                                                                        </LocList>
                                                                                                                                                        <StmntSeq Intrnl_Id="373">
                                                                                                                                                            <LocList>
                                                                                                                                                                <Loc EndOffset="12175" SrcFileId="1" StartOffset="12119"/>
                                                                                                                                                            </LocList>
                                                                                                                                                            <BasicStmnt CovItemId="S143" CovItemPrefix="FareCalculator.FareCalculator.java" Intrnl_Id="374">
                                                                                                                                                                <LocList>
                                                                                                                                                                    <Loc EndOffset="12175" SrcFileId="1" StartOffset="12119"/>
                                                                                                                                                                </LocList>
                                                                                                                                                            </BasicStmnt>
                                                                                                                                                        </StmntSeq>
                                                                                                                                                    </Branch>
                                                                                                                                                    <Branch CovItemId="B65" CovItemPrefix="FareCalculator.FareCalculator.java" Implct="false" Intrnl_Id="375">
                                                                                                                                                        <Cond>
                                                                                                                                                            <Loc EndOffset="12248" SrcFileId="1" StartOffset="12244"/>
                                                                                                                                                        </Cond>
                                                                                                                                                        <LocList>
                                                                                                                                                            <Loc EndOffset="12567" SrcFileId="1" StartOffset="12249"/>
                                                                                                                                                        </LocList>
                                                                                                                                                        <StmntSeq Intrnl_Id="376">
                                                                                                                                                            <LocList>
                                                                                                                                                                <Loc EndOffset="12567" SrcFileId="1" StartOffset="12249"/>
                                                                                                                                                            </LocList>
                                                                                                                                                            <CondStmnt CovItemId="S144" CovItemPrefix="FareCalculator.FareCalculator.java" Intrnl_Id="377">
                                                                                                                                                                <Branch CovItemId="B66" CovItemPrefix="FareCalculator.FareCalculator.java" Implct="false" Intrnl_Id="378">
                                                                                                                                                                    <Cond/>
                                                                                                                                                                    <LocList>
                                                                                                                                                                        <Loc EndOffset="12404" SrcFileId="1" StartOffset="12270"/>
                                                                                                                                                                    </LocList>
                                                                                                                                                                    <StmntSeq Intrnl_Id="379">
                                                                                                                                                                        <LocList>
                                                                                                                                                                            <Loc EndOffset="12369" SrcFileId="1" StartOffset="12309"/>
                                                                                                                                                                        </LocList>
                                                                                                                                                                        <BasicStmnt CovItemId="S145" CovItemPrefix="FareCalculator.FareCalculator.java" Intrnl_Id="380">
                                                                                                                                                                            <LocList>
                                                                                                                                                                                <Loc EndOffset="12369" SrcFileId="1" StartOffset="12309"/>
                                                                                                                                                                            </LocList>
                                                                                                                                                                        </BasicStmnt>
                                                                                                                                                                    </StmntSeq>
                                                                                                                                                                </Branch>
                                                                                                                                                                <Branch CovItemId="B67" CovItemPrefix="FareCalculator.FareCalculator.java" Implct="false" Intrnl_Id="381">
                                                                                                                                                                    <Cond>
                                                                                                                                                                        <Loc EndOffset="12442" SrcFileId="1" StartOffset="12438"/>
                                                                                                                                                                    </Cond>
                                                                                                                                                                    <LocList>
                                                                                                                                                                        <Loc EndOffset="12567" SrcFileId="1" StartOffset="12443"/>
                                                                                                                                                                    </LocList>
                                                                                                                                                                    <StmntSeq Intrnl_Id="382">
                                                                                                                                                                        <LocList>
                                                                                                                                                                            <Loc EndOffset="12532" SrcFileId="1" StartOffset="12482"/>
                                                                                                                                                                        </LocList>
                                                                                                                                                                        <BasicStmnt CovItemId="S146" CovItemPrefix="FareCalculator.FareCalculator.java" Intrnl_Id="383">
                                                                                                                                                                            <LocList>
                                                                                                                                                                                <Loc EndOffset="12532" SrcFileId="1" StartOffset="12482"/>
                                                                                                                                                                            </LocList>
                                                                                                                                                                        </BasicStmnt>
                                                                                                                                                                    </StmntSeq>
                                                                                                                                                                </Branch>
                                                                                                                                                                <Keyword EndOffset="12251" SrcFileId="1" StartOffset="12249"/>
                                                                                                                                                                <LocList>
                                                                                                                                                                    <Loc EndOffset="12567" SrcFileId="1" StartOffset="12249"/>
                                                                                                                                                                </LocList>
                                                                                                                                                                <RootTerm CovItemId="C33" CovItemPrefix="FareCalculator.FareCalculator.java" Intrnl_Id="384">
                                                                                                                                                                    <BasicBoolTerm Intrnl_Id="385">
                                                                                                                                                                        <LocList>
                                                                                                                                                                            <Loc EndOffset="12268" SrcFileId="1" StartOffset="12253"/>
                                                                                                                                                                        </LocList>
                                                                                                                                                                    </BasicBoolTerm>
                                                                                                                                                                </RootTerm>
                                                                                                                                                            </CondStmnt>
                                                                                                                                                        </StmntSeq>
                                                                                                                                                    </Branch>
                                                                                                                                                    <Keyword EndOffset="12056" SrcFileId="1" StartOffset="12054"/>
                                                                                                                                                    <LocList>
                                                                                                                                                        <Loc EndOffset="12567" SrcFileId="1" StartOffset="12054"/>
                                                                                                                                                    </LocList>
                                                                                                                                                    <RootTerm CovItemId="C32" CovItemPrefix="FareCalculator.FareCalculator.java" Intrnl_Id="386">
                                                                                                                                                        <BasicBoolTerm Intrnl_Id="387">
                                                                                                                                                            <LocList>
                                                                                                                                                                <Loc EndOffset="12078" SrcFileId="1" StartOffset="12058"/>
                                                                                                                                                            </LocList>
                                                                                                                                                        </BasicBoolTerm>
                                                                                                                                                    </RootTerm>
                                                                                                                                                </CondStmnt>
                                                                                                                                            </StmntSeq>
                                                                                                                                        </Branch>
                                                                                                                                        <Branch CovItemId="B63" CovItemPrefix="FareCalculator.FareCalculator.java" Implct="true" Intrnl_Id="388">
                                                                                                                                            <Cond/>
                                                                                                                                            <LocList/>
                                                                                                                                            <StmntSeq Intrnl_Id="389">
                                                                                                                                                <LocList/>
                                                                                                                                            </StmntSeq>
                                                                                                                                        </Branch>
                                                                                                                                        <Keyword EndOffset="11881" SrcFileId="1" StartOffset="11879"/>
                                                                                                                                        <LocList>
                                                                                                                                            <Loc EndOffset="12598" SrcFileId="1" StartOffset="11879"/>
                                                                                                                                        </LocList>
                                                                                                                                        <RootTerm CovItemId="C31" CovItemPrefix="FareCalculator.FareCalculator.java" Intrnl_Id="390">
                                                                                                                                            <BasicBoolTerm Intrnl_Id="391">
                                                                                                                                                <LocList>
                                                                                                                                                    <Loc EndOffset="11925" SrcFileId="1" StartOffset="11883"/>
                                                                                                                                                </LocList>
                                                                                                                                            </BasicBoolTerm>
                                                                                                                                        </RootTerm>
                                                                                                                                    </CondStmnt>
                                                                                                                                </StmntSeq>
                                                                                                                            </Branch>
                                                                                                                            <Keyword EndOffset="11126" SrcFileId="1" StartOffset="11124"/>
                                                                                                                            <LocList>
                                                                                                                                <Loc EndOffset="12598" SrcFileId="1" StartOffset="11124"/>
                                                                                                                            </LocList>
                                                                                                                            <RootTerm CovItemId="C28" CovItemPrefix="FareCalculator.FareCalculator.java" Intrnl_Id="392">
                                                                                                                                <BasicBoolTerm Intrnl_Id="393">
                                                                                                                                    <LocList>
                                                                                                                                        <Loc EndOffset="11170" SrcFileId="1" StartOffset="11128"/>
                                                                                                                                    </LocList>
                                                                                                                                </BasicBoolTerm>
                                                                                                                            </RootTerm>
                                                                                                                        </CondStmnt>
                                                                                                                    </StmntSeq>
                                                                                                                </Branch>
                                                                                                                <Keyword EndOffset="10372" SrcFileId="1" StartOffset="10370"/>
                                                                                                                <LocList>
                                                                                                                    <Loc EndOffset="12598" SrcFileId="1" StartOffset="10370"/>
                                                                                                                </LocList>
                                                                                                                <RootTerm CovItemId="C25" CovItemPrefix="FareCalculator.FareCalculator.java" Intrnl_Id="394">
                                                                                                                    <BasicBoolTerm Intrnl_Id="395">
                                                                                                                        <LocList>
                                                                                                                            <Loc EndOffset="10415" SrcFileId="1" StartOffset="10374"/>
                                                                                                                        </LocList>
                                                                                                                    </BasicBoolTerm>
                                                                                                                </RootTerm>
                                                                                                            </CondStmnt>
                                                                                                            <BasicStmnt CovItemId="S147" CovItemPrefix="FareCalculator.FareCalculator.java" Intrnl_Id="396">
                                                                                                                <LocList>
                                                                                                                    <Loc EndOffset="12671" SrcFileId="1" StartOffset="12624"/>
                                                                                                                </LocList>
                                                                                                            </BasicStmnt>
                                                                                                            <BasicStmnt CovItemId="S148" CovItemPrefix="FareCalculator.FareCalculator.java" Intrnl_Id="397">
                                                                                                                <LocList>
                                                                                                                    <Loc EndOffset="12733" SrcFileId="1" StartOffset="12697"/>
                                                                                                                </LocList>
                                                                                                            </BasicStmnt>
                                                                                                            <BasicStmnt CovItemId="S149" CovItemPrefix="FareCalculator.FareCalculator.java" Intrnl_Id="398">
                                                                                                                <LocList>
                                                                                                                    <Loc EndOffset="12772" SrcFileId="1" StartOffset="12759"/>
                                                                                                                </LocList>
                                                                                                            </BasicStmnt>
                                                                                                        </StmntSeq>
                                                                                                    </Branch>
                                                                                                    <Branch CovItemId="B49" CovItemPrefix="FareCalculator.FareCalculator.java" Implct="false" Intrnl_Id="399">
                                                                                                        <Cond>
                                                                                                            <Loc EndOffset="12855" SrcFileId="1" StartOffset="12851"/>
                                                                                                        </Cond>
                                                                                                        <LocList>
                                                                                                            <Loc EndOffset="15226" SrcFileId="1" StartOffset="12856"/>
                                                                                                        </LocList>
                                                                                                        <StmntSeq Intrnl_Id="400">
                                                                                                            <LocList>
                                                                                                                <Loc EndOffset="15226" SrcFileId="1" StartOffset="12856"/>
                                                                                                            </LocList>
                                                                                                            <CondStmnt CovItemId="S150" CovItemPrefix="FareCalculator.FareCalculator.java" Intrnl_Id="401">
                                                                                                                <Branch CovItemId="B68" CovItemPrefix="FareCalculator.FareCalculator.java" Implct="false" Intrnl_Id="402">
                                                                                                                    <Cond/>
                                                                                                                    <LocList>
                                                                                                                        <Loc EndOffset="15226" SrcFileId="1" StartOffset="12913"/>
                                                                                                                    </LocList>
                                                                                                                    <StmntSeq Intrnl_Id="403">
                                                                                                                        <LocList>
                                                                                                                            <Loc EndOffset="15172" SrcFileId="1" StartOffset="12944"/>
                                                                                                                        </LocList>
                                                                                                                        <CondStmnt CovItemId="S151" CovItemPrefix="FareCalculator.FareCalculator.java" Intrnl_Id="404">
                                                                                                                            <Branch CovItemId="B70" CovItemPrefix="FareCalculator.FareCalculator.java" Implct="false" Intrnl_Id="405">
                                                                                                                                <Cond/>
                                                                                                                                <LocList>
                                                                                                                                    <Loc EndOffset="13663" SrcFileId="1" StartOffset="12991"/>
                                                                                                                                </LocList>
                                                                                                                                <StmntSeq Intrnl_Id="406">
                                                                                                                                    <LocList>
                                                                                                                                        <Loc EndOffset="13036" SrcFileId="1" StartOffset="13026"/>
                                                                                                                                        <Loc EndOffset="13085" SrcFileId="1" StartOffset="13070"/>
                                                                                                                                        <Loc EndOffset="13632" SrcFileId="1" StartOffset="13119"/>
                                                                                                                                    </LocList>
                                                                                                                                    <BasicStmnt CovItemId="S152" CovItemPrefix="FareCalculator.FareCalculator.java" Intrnl_Id="407">
                                                                                                                                        <LocList>
                                                                                                                                            <Loc EndOffset="13036" SrcFileId="1" StartOffset="13026"/>
                                                                                                                                        </LocList>
                                                                                                                                    </BasicStmnt>
                                                                                                                                    <BasicStmnt CovItemId="S153" CovItemPrefix="FareCalculator.FareCalculator.java" Intrnl_Id="408">
                                                                                                                                        <LocList>
                                                                                                                                            <Loc EndOffset="13085" SrcFileId="1" StartOffset="13070"/>
                                                                                                                                        </LocList>
                                                                                                                                    </BasicStmnt>
                                                                                                                                    <CondStmnt CovItemId="S154" CovItemPrefix="FareCalculator.FareCalculator.java" Intrnl_Id="409">
                                                                                                                                        <Branch CovItemId="B72" CovItemPrefix="FareCalculator.FareCalculator.java" Implct="false" Intrnl_Id="410">
                                                                                                                                            <Cond/>
                                                                                                                                            <LocList>
                                                                                                                                                <Loc EndOffset="13275" SrcFileId="1" StartOffset="13145"/>
                                                                                                                                            </LocList>
                                                                                                                                            <StmntSeq Intrnl_Id="411">
                                                                                                                                                <LocList>
                                                                                                                                                    <Loc EndOffset="13240" SrcFileId="1" StartOffset="13184"/>
                                                                                                                                                </LocList>
                                                                                                                                                <BasicStmnt CovItemId="S155" CovItemPrefix="FareCalculator.FareCalculator.java" Intrnl_Id="412">
                                                                                                                                                    <LocList>
                                                                                                                                                        <Loc EndOffset="13240" SrcFileId="1" StartOffset="13184"/>
                                                                                                                                                    </LocList>
                                                                                                                                                </BasicStmnt>
                                                                                                                                            </StmntSeq>
                                                                                                                                        </Branch>
                                                                                                                                        <Branch CovItemId="B73" CovItemPrefix="FareCalculator.FareCalculator.java" Implct="false" Intrnl_Id="413">
                                                                                                                                            <Cond>
                                                                                                                                                <Loc EndOffset="13313" SrcFileId="1" StartOffset="13309"/>
                                                                                                                                            </Cond>
                                                                                                                                            <LocList>
                                                                                                                                                <Loc EndOffset="13632" SrcFileId="1" StartOffset="13314"/>
                                                                                                                                            </LocList>
                                                                                                                                            <StmntSeq Intrnl_Id="414">
                                                                                                                                                <LocList>
                                                                                                                                                    <Loc EndOffset="13632" SrcFileId="1" StartOffset="13314"/>
                                                                                                                                                </LocList>
                                                                                                                                                <CondStmnt CovItemId="S156" CovItemPrefix="FareCalculator.FareCalculator.java" Intrnl_Id="415">
                                                                                                                                                    <Branch CovItemId="B74" CovItemPrefix="FareCalculator.FareCalculator.java" Implct="false" Intrnl_Id="416">
                                                                                                                                                        <Cond/>
                                                                                                                                                        <LocList>
                                                                                                                                                            <Loc EndOffset="13469" SrcFileId="1" StartOffset="13335"/>
                                                                                                                                                        </LocList>
                                                                                                                                                        <StmntSeq Intrnl_Id="417">
                                                                                                                                                            <LocList>
                                                                                                                                                                <Loc EndOffset="13434" SrcFileId="1" StartOffset="13374"/>
                                                                                                                                                            </LocList>
                                                                                                                                                            <BasicStmnt CovItemId="S157" CovItemPrefix="FareCalculator.FareCalculator.java" Intrnl_Id="418">
                                                                                                                                                                <LocList>
                                                                                                                                                                    <Loc EndOffset="13434" SrcFileId="1" StartOffset="13374"/>
                                                                                                                                                                </LocList>
                                                                                                                                                            </BasicStmnt>
                                                                                                                                                        </StmntSeq>
                                                                                                                                                    </Branch>
                                                                                                                                                    <Branch CovItemId="B75" CovItemPrefix="FareCalculator.FareCalculator.java" Implct="false" Intrnl_Id="419">
                                                                                                                                                        <Cond>
                                                                                                                                                            <Loc EndOffset="13507" SrcFileId="1" StartOffset="13503"/>
                                                                                                                                                        </Cond>
                                                                                                                                                        <LocList>
                                                                                                                                                            <Loc EndOffset="13632" SrcFileId="1" StartOffset="13508"/>
                                                                                                                                                        </LocList>
                                                                                                                                                        <StmntSeq Intrnl_Id="420">
                                                                                                                                                            <LocList>
                                                                                                                                                                <Loc EndOffset="13597" SrcFileId="1" StartOffset="13547"/>
                                                                                                                                                            </LocList>
                                                                                                                                                            <BasicStmnt CovItemId="S158" CovItemPrefix="FareCalculator.FareCalculator.java" Intrnl_Id="421">
                                                                                                                                                                <LocList>
                                                                                                                                                                    <Loc EndOffset="13597" SrcFileId="1" StartOffset="13547"/>
                                                                                                                                                                </LocList>
                                                                                                                                                            </BasicStmnt>
                                                                                                                                                        </StmntSeq>
                                                                                                                                                    </Branch>
                                                                                                                                                    <Keyword EndOffset="13316" SrcFileId="1" StartOffset="13314"/>
                                                                                                                                                    <LocList>
                                                                                                                                                        <Loc EndOffset="13632" SrcFileId="1" StartOffset="13314"/>
                                                                                                                                                    </LocList>
                                                                                                                                                    <RootTerm CovItemId="C37" CovItemPrefix="FareCalculator.FareCalculator.java" Intrnl_Id="422">
                                                                                                                                                        <BasicBoolTerm Intrnl_Id="423">
                                                                                                                                                            <LocList>
                                                                                                                                                                <Loc EndOffset="13333" SrcFileId="1" StartOffset="13318"/>
                                                                                                                                                            </LocList>
                                                                                                                                                        </BasicBoolTerm>
                                                                                                                                                    </RootTerm>
                                                                                                                                                </CondStmnt>
                                                                                                                                            </StmntSeq>
                                                                                                                                        </Branch>
                                                                                                                                        <Keyword EndOffset="13121" SrcFileId="1" StartOffset="13119"/>
                                                                                                                                        <LocList>
                                                                                                                                            <Loc EndOffset="13632" SrcFileId="1" StartOffset="13119"/>
                                                                                                                                        </LocList>
                                                                                                                                        <RootTerm CovItemId="C36" CovItemPrefix="FareCalculator.FareCalculator.java" Intrnl_Id="424">
                                                                                                                                            <BasicBoolTerm Intrnl_Id="425">
                                                                                                                                                <LocList>
                                                                                                                                                    <Loc EndOffset="13143" SrcFileId="1" StartOffset="13123"/>
                                                                                                                                                </LocList>
                                                                                                                                            </BasicBoolTerm>
                                                                                                                                        </RootTerm>
                                                                                                                                    </CondStmnt>
                                                                                                                                </StmntSeq>
                                                                                                                            </Branch>
                                                                                                                            <Branch CovItemId="B71" CovItemPrefix="FareCalculator.FareCalculator.java" Implct="false" Intrnl_Id="426">
                                                                                                                                <Cond>
                                                                                                                                    <Loc EndOffset="13697" SrcFileId="1" StartOffset="13693"/>
                                                                                                                                </Cond>
                                                                                                                                <LocList>
                                                                                                                                    <Loc EndOffset="15172" SrcFileId="1" StartOffset="13698"/>
                                                                                                                                </LocList>
                                                                                                                                <StmntSeq Intrnl_Id="427">
                                                                                                                                    <LocList>
                                                                                                                                        <Loc EndOffset="15172" SrcFileId="1" StartOffset="13698"/>
                                                                                                                                    </LocList>
                                                                                                                                    <CondStmnt CovItemId="S159" CovItemPrefix="FareCalculator.FareCalculator.java" Intrnl_Id="428">
                                                                                                                                        <Branch CovItemId="B76" CovItemPrefix="FareCalculator.FareCalculator.java" Implct="false" Intrnl_Id="429">
                                                                                                                                            <Cond/>
                                                                                                                                            <LocList>
                                                                                                                                                <Loc EndOffset="14418" SrcFileId="1" StartOffset="13746"/>
                                                                                                                                            </LocList>
                                                                                                                                            <StmntSeq Intrnl_Id="430">
                                                                                                                                                <LocList>
                                                                                                                                                    <Loc EndOffset="13791" SrcFileId="1" StartOffset="13781"/>
                                                                                                                                                    <Loc EndOffset="13840" SrcFileId="1" StartOffset="13825"/>
                                                                                                                                                    <Loc EndOffset="14387" SrcFileId="1" StartOffset="13874"/>
                                                                                                                                                </LocList>
                                                                                                                                                <BasicStmnt CovItemId="S160" CovItemPrefix="FareCalculator.FareCalculator.java" Intrnl_Id="431">
                                                                                                                                                    <LocList>
                                                                                                                                                        <Loc EndOffset="13791" SrcFileId="1" StartOffset="13781"/>
                                                                                                                                                    </LocList>
                                                                                                                                                </BasicStmnt>
                                                                                                                                                <BasicStmnt CovItemId="S161" CovItemPrefix="FareCalculator.FareCalculator.java" Intrnl_Id="432">
                                                                                                                                                    <LocList>
                                                                                                                                                        <Loc EndOffset="13840" SrcFileId="1" StartOffset="13825"/>
                                                                                                                                                    </LocList>
                                                                                                                                                </BasicStmnt>
                                                                                                                                                <CondStmnt CovItemId="S162" CovItemPrefix="FareCalculator.FareCalculator.java" Intrnl_Id="433">
                                                                                                                                                    <Branch CovItemId="B78" CovItemPrefix="FareCalculator.FareCalculator.java" Implct="false" Intrnl_Id="434">
                                                                                                                                                        <Cond/>
                                                                                                                                                        <LocList>
                                                                                                                                                            <Loc EndOffset="14030" SrcFileId="1" StartOffset="13900"/>
                                                                                                                                                        </LocList>
                                                                                                                                                        <StmntSeq Intrnl_Id="435">
                                                                                                                                                            <LocList>
                                                                                                                                                                <Loc EndOffset="13995" SrcFileId="1" StartOffset="13939"/>
                                                                                                                                                            </LocList>
                                                                                                                                                            <BasicStmnt CovItemId="S163" CovItemPrefix="FareCalculator.FareCalculator.java" Intrnl_Id="436">
                                                                                                                                                                <LocList>
                                                                                                                                                                    <Loc EndOffset="13995" SrcFileId="1" StartOffset="13939"/>
                                                                                                                                                                </LocList>
                                                                                                                                                            </BasicStmnt>
                                                                                                                                                        </StmntSeq>
                                                                                                                                                    </Branch>
                                                                                                                                                    <Branch CovItemId="B79" CovItemPrefix="FareCalculator.FareCalculator.java" Implct="false" Intrnl_Id="437">
                                                                                                                                                        <Cond>
                                                                                                                                                            <Loc EndOffset="14068" SrcFileId="1" StartOffset="14064"/>
                                                                                                                                                        </Cond>
                                                                                                                                                        <LocList>
                                                                                                                                                            <Loc EndOffset="14387" SrcFileId="1" StartOffset="14069"/>
                                                                                                                                                        </LocList>
                                                                                                                                                        <StmntSeq Intrnl_Id="438">
                                                                                                                                                            <LocList>
                                                                                                                                                                <Loc EndOffset="14387" SrcFileId="1" StartOffset="14069"/>
                                                                                                                                                            </LocList>
                                                                                                                                                            <CondStmnt CovItemId="S164" CovItemPrefix="FareCalculator.FareCalculator.java" Intrnl_Id="439">
                                                                                                                                                                <Branch CovItemId="B80" CovItemPrefix="FareCalculator.FareCalculator.java" Implct="false" Intrnl_Id="440">
                                                                                                                                                                    <Cond/>
                                                                                                                                                                    <LocList>
                                                                                                                                                                        <Loc EndOffset="14224" SrcFileId="1" StartOffset="14090"/>
                                                                                                                                                                    </LocList>
                                                                                                                                                                    <StmntSeq Intrnl_Id="441">
                                                                                                                                                                        <LocList>
                                                                                                                                                                            <Loc EndOffset="14189" SrcFileId="1" StartOffset="14129"/>
                                                                                                                                                                        </LocList>
                                                                                                                                                                        <BasicStmnt CovItemId="S165" CovItemPrefix="FareCalculator.FareCalculator.java" Intrnl_Id="442">
                                                                                                                                                                            <LocList>
                                                                                                                                                                                <Loc EndOffset="14189" SrcFileId="1" StartOffset="14129"/>
                                                                                                                                                                            </LocList>
                                                                                                                                                                        </BasicStmnt>
                                                                                                                                                                    </StmntSeq>
                                                                                                                                                                </Branch>
                                                                                                                                                                <Branch CovItemId="B81" CovItemPrefix="FareCalculator.FareCalculator.java" Implct="false" Intrnl_Id="443">
                                                                                                                                                                    <Cond>
                                                                                                                                                                        <Loc EndOffset="14262" SrcFileId="1" StartOffset="14258"/>
                                                                                                                                                                    </Cond>
                                                                                                                                                                    <LocList>
                                                                                                                                                                        <Loc EndOffset="14387" SrcFileId="1" StartOffset="14263"/>
                                                                                                                                                                    </LocList>
                                                                                                                                                                    <StmntSeq Intrnl_Id="444">
                                                                                                                                                                        <LocList>
                                                                                                                                                                            <Loc EndOffset="14352" SrcFileId="1" StartOffset="14302"/>
                                                                                                                                                                        </LocList>
                                                                                                                                                                        <BasicStmnt CovItemId="S166" CovItemPrefix="FareCalculator.FareCalculator.java" Intrnl_Id="445">
                                                                                                                                                                            <LocList>
                                                                                                                                                                                <Loc EndOffset="14352" SrcFileId="1" StartOffset="14302"/>
                                                                                                                                                                            </LocList>
                                                                                                                                                                        </BasicStmnt>
                                                                                                                                                                    </StmntSeq>
                                                                                                                                                                </Branch>
                                                                                                                                                                <Keyword EndOffset="14071" SrcFileId="1" StartOffset="14069"/>
                                                                                                                                                                <LocList>
                                                                                                                                                                    <Loc EndOffset="14387" SrcFileId="1" StartOffset="14069"/>
                                                                                                                                                                </LocList>
                                                                                                                                                                <RootTerm CovItemId="C40" CovItemPrefix="FareCalculator.FareCalculator.java" Intrnl_Id="446">
                                                                                                                                                                    <BasicBoolTerm Intrnl_Id="447">
                                                                                                                                                                        <LocList>
                                                                                                                                                                            <Loc EndOffset="14088" SrcFileId="1" StartOffset="14073"/>
                                                                                                                                                                        </LocList>
                                                                                                                                                                    </BasicBoolTerm>
                                                                                                                                                                </RootTerm>
                                                                                                                                                            </CondStmnt>
                                                                                                                                                        </StmntSeq>
                                                                                                                                                    </Branch>
                                                                                                                                                    <Keyword EndOffset="13876" SrcFileId="1" StartOffset="13874"/>
                                                                                                                                                    <LocList>
                                                                                                                                                        <Loc EndOffset="14387" SrcFileId="1" StartOffset="13874"/>
                                                                                                                                                    </LocList>
                                                                                                                                                    <RootTerm CovItemId="C39" CovItemPrefix="FareCalculator.FareCalculator.java" Intrnl_Id="448">
                                                                                                                                                        <BasicBoolTerm Intrnl_Id="449">
                                                                                                                                                            <LocList>
                                                                                                                                                                <Loc EndOffset="13898" SrcFileId="1" StartOffset="13878"/>
                                                                                                                                                            </LocList>
                                                                                                                                                        </BasicBoolTerm>
                                                                                                                                                    </RootTerm>
                                                                                                                                                </CondStmnt>
                                                                                                                                            </StmntSeq>
                                                                                                                                        </Branch>
                                                                                                                                        <Branch CovItemId="B77" CovItemPrefix="FareCalculator.FareCalculator.java" Implct="false" Intrnl_Id="450">
                                                                                                                                            <Cond>
                                                                                                                                                <Loc EndOffset="14452" SrcFileId="1" StartOffset="14448"/>
                                                                                                                                            </Cond>
                                                                                                                                            <LocList>
                                                                                                                                                <Loc EndOffset="15172" SrcFileId="1" StartOffset="14453"/>
                                                                                                                                            </LocList>
                                                                                                                                            <StmntSeq Intrnl_Id="451">
                                                                                                                                                <LocList>
                                                                                                                                                    <Loc EndOffset="15172" SrcFileId="1" StartOffset="14453"/>
                                                                                                                                                </LocList>
                                                                                                                                                <CondStmnt CovItemId="S167" CovItemPrefix="FareCalculator.FareCalculator.java" Intrnl_Id="452">
                                                                                                                                                    <Branch CovItemId="B82" CovItemPrefix="FareCalculator.FareCalculator.java" Implct="false" Intrnl_Id="453">
                                                                                                                                                        <Cond/>
                                                                                                                                                        <LocList>
                                                                                                                                                            <Loc EndOffset="15172" SrcFileId="1" StartOffset="14501"/>
                                                                                                                                                        </LocList>
                                                                                                                                                        <StmntSeq Intrnl_Id="454">
                                                                                                                                                            <LocList>
                                                                                                                                                                <Loc EndOffset="14546" SrcFileId="1" StartOffset="14536"/>
                                                                                                                                                                <Loc EndOffset="14594" SrcFileId="1" StartOffset="14580"/>
                                                                                                                                                                <Loc EndOffset="15141" SrcFileId="1" StartOffset="14628"/>
                                                                                                                                                            </LocList>
                                                                                                                                                            <BasicStmnt CovItemId="S168" CovItemPrefix="FareCalculator.FareCalculator.java" Intrnl_Id="455">
                                                                                                                                                                <LocList>
                                                                                                                                                                    <Loc EndOffset="14546" SrcFileId="1" StartOffset="14536"/>
                                                                                                                                                                </LocList>
                                                                                                                                                            </BasicStmnt>
                                                                                                                                                            <BasicStmnt CovItemId="S169" CovItemPrefix="FareCalculator.FareCalculator.java" Intrnl_Id="456">
                                                                                                                                                                <LocList>
                                                                                                                                                                    <Loc EndOffset="14594" SrcFileId="1" StartOffset="14580"/>
                                                                                                                                                                </LocList>
                                                                                                                                                            </BasicStmnt>
                                                                                                                                                            <CondStmnt CovItemId="S170" CovItemPrefix="FareCalculator.FareCalculator.java" Intrnl_Id="457">
                                                                                                                                                                <Branch CovItemId="B84" CovItemPrefix="FareCalculator.FareCalculator.java" Implct="false" Intrnl_Id="458">
                                                                                                                                                                    <Cond/>
                                                                                                                                                                    <LocList>
                                                                                                                                                                        <Loc EndOffset="14784" SrcFileId="1" StartOffset="14654"/>
                                                                                                                                                                    </LocList>
                                                                                                                                                                    <StmntSeq Intrnl_Id="459">
                                                                                                                                                                        <LocList>
                                                                                                                                                                            <Loc EndOffset="14749" SrcFileId="1" StartOffset="14693"/>
                                                                                                                                                                        </LocList>
                                                                                                                                                                        <BasicStmnt CovItemId="S171" CovItemPrefix="FareCalculator.FareCalculator.java" Intrnl_Id="460">
                                                                                                                                                                            <LocList>
                                                                                                                                                                                <Loc EndOffset="14749" SrcFileId="1" StartOffset="14693"/>
                                                                                                                                                                            </LocList>
                                                                                                                                                                        </BasicStmnt>
                                                                                                                                                                    </StmntSeq>
                                                                                                                                                                </Branch>
                                                                                                                                                                <Branch CovItemId="B85" CovItemPrefix="FareCalculator.FareCalculator.java" Implct="false" Intrnl_Id="461">
                                                                                                                                                                    <Cond>
                                                                                                                                                                        <Loc EndOffset="14822" SrcFileId="1" StartOffset="14818"/>
                                                                                                                                                                    </Cond>
                                                                                                                                                                    <LocList>
                                                                                                                                                                        <Loc EndOffset="15141" SrcFileId="1" StartOffset="14823"/>
                                                                                                                                                                    </LocList>
                                                                                                                                                                    <StmntSeq Intrnl_Id="462">
                                                                                                                                                                        <LocList>
                                                                                                                                                                            <Loc EndOffset="15141" SrcFileId="1" StartOffset="14823"/>
                                                                                                                                                                        </LocList>
                                                                                                                                                                        <CondStmnt CovItemId="S172" CovItemPrefix="FareCalculator.FareCalculator.java" Intrnl_Id="463">
                                                                                                                                                                            <Branch CovItemId="B86" CovItemPrefix="FareCalculator.FareCalculator.java" Implct="false" Intrnl_Id="464">
                                                                                                                                                                                <Cond/>
                                                                                                                                                                                <LocList>
                                                                                                                                                                                    <Loc EndOffset="14978" SrcFileId="1" StartOffset="14844"/>
                                                                                                                                                                                </LocList>
                                                                                                                                                                                <StmntSeq Intrnl_Id="465">
                                                                                                                                                                                    <LocList>
                                                                                                                                                                                        <Loc EndOffset="14943" SrcFileId="1" StartOffset="14883"/>
                                                                                                                                                                                    </LocList>
                                                                                                                                                                                    <BasicStmnt CovItemId="S173" CovItemPrefix="FareCalculator.FareCalculator.java" Intrnl_Id="466">
                                                                                                                                                                                        <LocList>
                                                                                                                                                                                            <Loc EndOffset="14943" SrcFileId="1" StartOffset="14883"/>
                                                                                                                                                                                        </LocList>
                                                                                                                                                                                    </BasicStmnt>
                                                                                                                                                                                </StmntSeq>
                                                                                                                                                                            </Branch>
                                                                                                                                                                            <Branch CovItemId="B87" CovItemPrefix="FareCalculator.FareCalculator.java" Implct="false" Intrnl_Id="467">
                                                                                                                                                                                <Cond>
                                                                                                                                                                                    <Loc EndOffset="15016" SrcFileId="1" StartOffset="15012"/>
                                                                                                                                                                                </Cond>
                                                                                                                                                                                <LocList>
                                                                                                                                                                                    <Loc EndOffset="15141" SrcFileId="1" StartOffset="15017"/>
                                                                                                                                                                                </LocList>
                                                                                                                                                                                <StmntSeq Intrnl_Id="468">
                                                                                                                                                                                    <LocList>
                                                                                                                                                                                        <Loc EndOffset="15106" SrcFileId="1" StartOffset="15056"/>
                                                                                                                                                                                    </LocList>
                                                                                                                                                                                    <BasicStmnt CovItemId="S174" CovItemPrefix="FareCalculator.FareCalculator.java" Intrnl_Id="469">
                                                                                                                                                                                        <LocList>
                                                                                                                                                                                            <Loc EndOffset="15106" SrcFileId="1" StartOffset="15056"/>
                                                                                                                                                                                        </LocList>
                                                                                                                                                                                    </BasicStmnt>
                                                                                                                                                                                </StmntSeq>
                                                                                                                                                                            </Branch>
                                                                                                                                                                            <Keyword EndOffset="14825" SrcFileId="1" StartOffset="14823"/>
                                                                                                                                                                            <LocList>
                                                                                                                                                                                <Loc EndOffset="15141" SrcFileId="1" StartOffset="14823"/>
                                                                                                                                                                            </LocList>
                                                                                                                                                                            <RootTerm CovItemId="C43" CovItemPrefix="FareCalculator.FareCalculator.java" Intrnl_Id="470">
                                                                                                                                                                                <BasicBoolTerm Intrnl_Id="471">
                                                                                                                                                                                    <LocList>
                                                                                                                                                                                        <Loc EndOffset="14842" SrcFileId="1" StartOffset="14827"/>
                                                                                                                                                                                    </LocList>
                                                                                                                                                                                </BasicBoolTerm>
                                                                                                                                                                            </RootTerm>
                                                                                                                                                                        </CondStmnt>
                                                                                                                                                                    </StmntSeq>
                                                                                                                                                                </Branch>
                                                                                                                                                                <Keyword EndOffset="14630" SrcFileId="1" StartOffset="14628"/>
                                                                                                                                                                <LocList>
                                                                                                                                                                    <Loc EndOffset="15141" SrcFileId="1" StartOffset="14628"/>
                                                                                                                                                                </LocList>
                                                                                                                                                                <RootTerm CovItemId="C42" CovItemPrefix="FareCalculator.FareCalculator.java" Intrnl_Id="472">
                                                                                                                                                                    <BasicBoolTerm Intrnl_Id="473">
                                                                                                                                                                        <LocList>
                                                                                                                                                                            <Loc EndOffset="14652" SrcFileId="1" StartOffset="14632"/>
                                                                                                                                                                        </LocList>
                                                                                                                                                                    </BasicBoolTerm>
                                                                                                                                                                </RootTerm>
                                                                                                                                                            </CondStmnt>
                                                                                                                                                        </StmntSeq>
                                                                                                                                                    </Branch>
                                                                                                                                                    <Branch CovItemId="B83" CovItemPrefix="FareCalculator.FareCalculator.java" Implct="true" Intrnl_Id="474">
                                                                                                                                                        <Cond/>
                                                                                                                                                        <LocList/>
                                                                                                                                                        <StmntSeq Intrnl_Id="475">
                                                                                                                                                            <LocList/>
                                                                                                                                                        </StmntSeq>
                                                                                                                                                    </Branch>
                                                                                                                                                    <Keyword EndOffset="14455" SrcFileId="1" StartOffset="14453"/>
                                                                                                                                                    <LocList>
                                                                                                                                                        <Loc EndOffset="15172" SrcFileId="1" StartOffset="14453"/>
                                                                                                                                                    </LocList>
                                                                                                                                                    <RootTerm CovItemId="C41" CovItemPrefix="FareCalculator.FareCalculator.java" Intrnl_Id="476">
                                                                                                                                                        <BasicBoolTerm Intrnl_Id="477">
                                                                                                                                                            <LocList>
                                                                                                                                                                <Loc EndOffset="14499" SrcFileId="1" StartOffset="14457"/>
                                                                                                                                                            </LocList>
                                                                                                                                                        </BasicBoolTerm>
                                                                                                                                                    </RootTerm>
                                                                                                                                                </CondStmnt>
                                                                                                                                            </StmntSeq>
                                                                                                                                        </Branch>
                                                                                                                                        <Keyword EndOffset="13700" SrcFileId="1" StartOffset="13698"/>
                                                                                                                                        <LocList>
                                                                                                                                            <Loc EndOffset="15172" SrcFileId="1" StartOffset="13698"/>
                                                                                                                                        </LocList>
                                                                                                                                        <RootTerm CovItemId="C38" CovItemPrefix="FareCalculator.FareCalculator.java" Intrnl_Id="478">
                                                                                                                                            <BasicBoolTerm Intrnl_Id="479">
                                                                                                                                                <LocList>
                                                                                                                                                    <Loc EndOffset="13744" SrcFileId="1" StartOffset="13702"/>
                                                                                                                                                </LocList>
                                                                                                                                            </BasicBoolTerm>
                                                                                                                                        </RootTerm>
                                                                                                                                    </CondStmnt>
                                                                                                                                </StmntSeq>
                                                                                                                            </Branch>
                                                                                                                            <Keyword EndOffset="12946" SrcFileId="1" StartOffset="12944"/>
                                                                                                                            <LocList>
                                                                                                                                <Loc EndOffset="15172" SrcFileId="1" StartOffset="12944"/>
                                                                                                                            </LocList>
                                                                                                                            <RootTerm CovItemId="C35" CovItemPrefix="FareCalculator.FareCalculator.java" Intrnl_Id="480">
                                                                                                                                <BasicBoolTerm Intrnl_Id="481">
                                                                                                                                    <LocList>
                                                                                                                                        <Loc EndOffset="12989" SrcFileId="1" StartOffset="12948"/>
                                                                                                                                    </LocList>
                                                                                                                                </BasicBoolTerm>
                                                                                                                            </RootTerm>
                                                                                                                        </CondStmnt>
                                                                                                                    </StmntSeq>
                                                                                                                </Branch>
                                                                                                                <Branch CovItemId="B69" CovItemPrefix="FareCalculator.FareCalculator.java" Implct="true" Intrnl_Id="482">
                                                                                                                    <Cond/>
                                                                                                                    <LocList/>
                                                                                                                    <StmntSeq Intrnl_Id="483">
                                                                                                                        <LocList/>
                                                                                                                    </StmntSeq>
                                                                                                                </Branch>
                                                                                                                <Keyword EndOffset="12858" SrcFileId="1" StartOffset="12856"/>
                                                                                                                <LocList>
                                                                                                                    <Loc EndOffset="15226" SrcFileId="1" StartOffset="12856"/>
                                                                                                                </LocList>
                                                                                                                <RootTerm CovItemId="C34" CovItemPrefix="FareCalculator.FareCalculator.java" Intrnl_Id="484">
                                                                                                                    <BasicBoolTerm Intrnl_Id="485">
                                                                                                                        <LocList>
                                                                                                                            <Loc EndOffset="12910" SrcFileId="1" StartOffset="12860"/>
                                                                                                                        </LocList>
                                                                                                                    </BasicBoolTerm>
                                                                                                                </RootTerm>
                                                                                                            </CondStmnt>
                                                                                                        </StmntSeq>
                                                                                                    </Branch>
                                                                                                    <Keyword EndOffset="10286" SrcFileId="1" StartOffset="10284"/>
                                                                                                    <LocList>
                                                                                                        <Loc EndOffset="15226" SrcFileId="1" StartOffset="10284"/>
                                                                                                    </LocList>
                                                                                                    <RootTerm CovItemId="C24" CovItemPrefix="FareCalculator.FareCalculator.java" Intrnl_Id="486">
                                                                                                        <BasicBoolTerm Intrnl_Id="487">
                                                                                                            <LocList>
                                                                                                                <Loc EndOffset="10336" SrcFileId="1" StartOffset="10288"/>
                                                                                                            </LocList>
                                                                                                        </BasicBoolTerm>
                                                                                                    </RootTerm>
                                                                                                </CondStmnt>
                                                                                            </StmntSeq>
                                                                                        </Branch>
                                                                                        <Branch CovItemId="B47" CovItemPrefix="FareCalculator.FareCalculator.java" Implct="true" Intrnl_Id="488">
                                                                                            <Cond/>
                                                                                            <LocList/>
                                                                                            <StmntSeq Intrnl_Id="489">
                                                                                                <LocList/>
                                                                                            </StmntSeq>
                                                                                        </Branch>
                                                                                        <Keyword EndOffset="10196" SrcFileId="1" StartOffset="10194"/>
                                                                                        <LocList>
                                                                                            <Loc EndOffset="15226" SrcFileId="1" StartOffset="10194"/>
                                                                                        </LocList>
                                                                                        <RootTerm CovItemId="C23" CovItemPrefix="FareCalculator.FareCalculator.java" Intrnl_Id="490">
                                                                                            <BasicBoolTerm Intrnl_Id="491">
                                                                                                <LocList>
                                                                                                    <Loc EndOffset="10237" SrcFileId="1" StartOffset="10197"/>
                                                                                                </LocList>
                                                                                            </BasicBoolTerm>
                                                                                        </RootTerm>
                                                                                    </CondStmnt>
                                                                                </StmntSeq>
                                                                            </Branch>
                                                                            <Keyword EndOffset="7824" SrcFileId="1" StartOffset="7822"/>
                                                                            <LocList>
                                                                                <Loc EndOffset="15226" SrcFileId="1" StartOffset="7822"/>
                                                                            </LocList>
                                                                            <RootTerm CovItemId="C13" CovItemPrefix="FareCalculator.FareCalculator.java" Intrnl_Id="492">
                                                                                <BasicBoolTerm Intrnl_Id="493">
                                                                                    <LocList>
                                                                                        <Loc EndOffset="7874" SrcFileId="1" StartOffset="7826"/>
                                                                                    </LocList>
                                                                                </BasicBoolTerm>
                                                                            </RootTerm>
                                                                        </CondStmnt>
                                                                    </StmntSeq>
                                                                </Branch>
                                                                <Keyword EndOffset="5253" SrcFileId="1" StartOffset="5251"/>
                                                                <LocList>
                                                                    <Loc EndOffset="15226" SrcFileId="1" StartOffset="5251"/>
                                                                </LocList>
                                                                <RootTerm CovItemId="C3" CovItemPrefix="FareCalculator.FareCalculator.java" Intrnl_Id="494">
                                                                    <BasicBoolTerm Intrnl_Id="495">
                                                                        <LocList>
                                                                            <Loc EndOffset="5302" SrcFileId="1" StartOffset="5255"/>
                                                                        </LocList>
                                                                    </BasicBoolTerm>
                                                                </RootTerm>
                                                            </CondStmnt>
                                                            <BasicStmnt CovItemId="S175" CovItemPrefix="FareCalculator.FareCalculator.java" Intrnl_Id="496">
                                                                <LocList>
                                                                    <Loc EndOffset="15299" SrcFileId="1" StartOffset="15252"/>
                                                                </LocList>
                                                            </BasicStmnt>
                                                            <BasicStmnt CovItemId="S176" CovItemPrefix="FareCalculator.FareCalculator.java" Intrnl_Id="497">
                                                                <LocList>
                                                                    <Loc EndOffset="15361" SrcFileId="1" StartOffset="15325"/>
                                                                </LocList>
                                                            </BasicStmnt>
                                                            <BasicStmnt CovItemId="S177" CovItemPrefix="FareCalculator.FareCalculator.java" Intrnl_Id="498">
                                                                <LocList>
                                                                    <Loc EndOffset="15400" SrcFileId="1" StartOffset="15387"/>
                                                                </LocList>
                                                            </BasicStmnt>
                                                        </StmntSeq>
                                                    </Branch>
                                                    <Branch CovItemId="B5" CovItemPrefix="FareCalculator.FareCalculator.java" Implct="true" Intrnl_Id="499">
                                                        <Cond/>
                                                        <LocList/>
                                                        <StmntSeq Intrnl_Id="500">
                                                            <LocList/>
                                                        </StmntSeq>
                                                    </Branch>
                                                    <Keyword EndOffset="5180" SrcFileId="1" StartOffset="5178"/>
                                                    <LocList>
                                                        <Loc EndOffset="15427" SrcFileId="1" StartOffset="5178"/>
                                                    </LocList>
                                                    <RootTerm CovItemId="C2" CovItemPrefix="FareCalculator.FareCalculator.java" Intrnl_Id="501">
                                                        <BasicBoolTerm Intrnl_Id="502">
                                                            <LocList>
                                                                <Loc EndOffset="5222" SrcFileId="1" StartOffset="5181"/>
                                                            </LocList>
                                                        </BasicBoolTerm>
                                                    </RootTerm>
                                                </CondStmnt>
                                            </StmntSeq>
                                        </Branch>
                                        <Keyword EndOffset="4911" SrcFileId="1" StartOffset="4909"/>
                                        <LocList>
                                            <Loc EndOffset="15450" SrcFileId="1" StartOffset="4909"/>
                                        </LocList>
                                        <RootTerm CovItemId="C1" CovItemPrefix="FareCalculator.FareCalculator.java" Intrnl_Id="503">
                                            <BasicBoolTerm Intrnl_Id="504">
                                                <LocList>
                                                    <Loc EndOffset="4942" SrcFileId="1" StartOffset="4913"/>
                                                </LocList>
                                            </BasicBoolTerm>
                                        </RootTerm>
                                    </CondStmnt>
                                    <CondStmnt CovItemId="S63" CovItemPrefix="FareCalculator.FareCalculator.java" Intrnl_Id="505">
                                        <Branch CovItemId="B1" CovItemPrefix="FareCalculator.FareCalculator.java" Implct="true" Intrnl_Id="506">
                                            <Cond/>
                                            <LocList/>
                                            <StmntSeq Intrnl_Id="507">
                                                <LocList/>
                                            </StmntSeq>
                                        </Branch>
                                        <Branch CovItemId="B88" CovItemPrefix="FareCalculator.FareCalculator.java" Implct="false" Intrnl_Id="508">
                                            <Cond>
                                                <Loc EndOffset="15490" SrcFileId="1" StartOffset="15470"/>
                                            </Cond>
                                            <LocList>
                                                <Loc EndOffset="15556" SrcFileId="1" StartOffset="15491"/>
                                            </LocList>
                                            <StmntSeq Intrnl_Id="509">
                                                <LocList>
                                                    <Loc EndOffset="15537" SrcFileId="1" StartOffset="15514"/>
                                                </LocList>
                                                <BasicStmnt CovItemId="S178" CovItemPrefix="FareCalculator.FareCalculator.java" Intrnl_Id="510">
                                                    <LocList>
                                                        <Loc EndOffset="15537" SrcFileId="1" StartOffset="15514"/>
                                                    </LocList>
                                                </BasicStmnt>
                                            </StmntSeq>
                                        </Branch>
                                        <Keyword EndOffset="4885" SrcFileId="1" StartOffset="4882"/>
                                        <LocList>
                                            <Loc EndOffset="15556" SrcFileId="1" StartOffset="4882"/>
                                        </LocList>
                                    </CondStmnt>
                                </StmntSeq>
                            </HierarchyLvl>
                        </HierarchyLvl>
                    </HierarchyLvl>
                </HierarchyLvl>
            </HierarchyLvl>
        </HierarchyLvl>
    </MASTRoot>
</TestSessionContainer>
